2026-05-02 15:00:28 | INFO    | apscheduler.schedulers.base | Adding job tentatively -- it will be properly scheduled when the scheduler starts
2026-05-02 15:00:28 | INFO    | apscheduler.schedulers.base | Adding job tentatively -- it will be properly scheduled when the scheduler starts
2026-05-02 15:00:28 | INFO    | apscheduler.schedulers.base | Adding job tentatively -- it will be properly scheduled when the scheduler starts
2026-05-02 15:00:28 | INFO    | apscheduler.schedulers.base | Adding job tentatively -- it will be properly scheduled when the scheduler starts
2026-05-02 15:00:28 | INFO    | apscheduler.schedulers.base | Adding job tentatively -- it will be properly scheduled when the scheduler starts
2026-05-02 15:00:28 | INFO    | apscheduler.schedulers.base | Added job "PollingController.scheduled_scan" to job store "default"
2026-05-02 15:00:28 | INFO    | apscheduler.schedulers.base | Added job "PollingController.scheduled_signal_gen" to job store "default"
2026-05-02 15:00:28 | INFO    | apscheduler.schedulers.base | Added job "PollingController.scheduled_outcome_check" to job store "default"
2026-05-02 15:00:28 | INFO    | apscheduler.schedulers.base | Added job "PollingController.scheduled_auto_tune" to job store "default"
2026-05-02 15:00:28 | INFO    | apscheduler.schedulers.base | Added job "PollingController.scheduled_full_calibration" to job store "default"
2026-05-02 15:00:28 | INFO    | apscheduler.schedulers.base | Scheduler started
2026-05-02 15:14:10 | INFO    | apscheduler.schedulers.base | Adding job tentatively -- it will be properly scheduled when the scheduler starts
2026-05-02 15:14:10 | INFO    | apscheduler.schedulers.base | Adding job tentatively -- it will be properly scheduled when the scheduler starts
2026-05-02 15:14:10 | INFO    | apscheduler.schedulers.base | Adding job tentatively -- it will be properly scheduled when the scheduler starts
2026-05-02 15:14:10 | INFO    | apscheduler.schedulers.base | Adding job tentatively -- it will be properly scheduled when the scheduler starts
2026-05-02 15:14:10 | INFO    | apscheduler.schedulers.base | Adding job tentatively -- it will be properly scheduled when the scheduler starts
2026-05-02 15:14:10 | INFO    | apscheduler.schedulers.base | Added job "PollingController.scheduled_scan" to job store "default"
2026-05-02 15:14:10 | INFO    | apscheduler.schedulers.base | Added job "PollingController.scheduled_signal_gen" to job store "default"
2026-05-02 15:14:10 | INFO    | apscheduler.schedulers.base | Added job "PollingController.scheduled_outcome_check" to job store "default"
2026-05-02 15:14:10 | INFO    | apscheduler.schedulers.base | Added job "PollingController.scheduled_auto_tune" to job store "default"
2026-05-02 15:14:10 | INFO    | apscheduler.schedulers.base | Added job "PollingController.scheduled_full_calibration" to job store "default"
2026-05-02 15:14:10 | INFO    | apscheduler.schedulers.base | Scheduler started
2026-05-02 15:14:12 | INFO    | httpx._client | HTTP Request: GET https://degen.virtuals.io/api/leaderboard?limit=50&offset=250 "HTTP/1.1 200 "
2026-05-02 15:14:12 | INFO    | httpx._client | HTTP Request: GET https://degen.virtuals.io/api/leaderboard?limit=50&offset=200 "HTTP/1.1 200 "
2026-05-02 15:14:12 | INFO    | httpx._client | HTTP Request: GET https://degen.virtuals.io/api/leaderboard?limit=50&offset=100 "HTTP/1.1 200 "
2026-05-02 15:14:12 | INFO    | httpx._client | HTTP Request: GET https://degen.virtuals.io/api/leaderboard?limit=50&offset=50 "HTTP/1.1 200 "
2026-05-02 15:14:12 | INFO    | httpx._client | HTTP Request: GET https://degen.virtuals.io/api/leaderboard?limit=50&offset=150 "HTTP/1.1 200 "
2026-05-02 15:14:13 | INFO    | httpx._client | HTTP Request: GET https://degen.virtuals.io/api/leaderboard?limit=50&offset=300 "HTTP/1.1 200 "
2026-05-02 15:14:13 | INFO    | httpx._client | HTTP Request: GET https://degen.virtuals.io/api/leaderboard?limit=50&offset=0 "HTTP/1.1 200 "
2026-05-02 15:14:16 | INFO    | httpx._client | HTTP Request: GET https://degen.virtuals.io/api/seasons "HTTP/1.1 200 "
2026-05-02 15:14:16 | INFO    | collectors.season_manager | 当前赛季: Season 5 (2026-04-28 ~ 2026-05-05)
2026-05-02 15:14:16 | INFO    | scheduler.scheduler | 赛季过滤: 移除 246 个非当季 Agent (剩 86)，排名已重分配
2026-05-02 15:14:17 | INFO    | httpx._client | HTTP Request: GET https://degen.virtuals.io/api/pot-agents "HTTP/1.1 200 "
2026-05-02 15:14:25 | INFO    | httpx._client | HTTP Request: POST https://api.hyperliquid.xyz/info "HTTP/1.1 200 OK"
2026-05-02 15:14:25 | INFO    | httpx._client | HTTP Request: POST https://api.hyperliquid.xyz/info "HTTP/1.1 200 OK"
2026-05-02 15:14:25 | INFO    | httpx._client | HTTP Request: POST https://api.hyperliquid.xyz/info "HTTP/1.1 200 OK"
2026-05-02 15:14:25 | INFO    | httpx._client | HTTP Request: POST https://api.hyperliquid.xyz/info "HTTP/1.1 200 OK"
2026-05-02 15:14:25 | INFO    | httpx._client | HTTP Request: POST https://api.hyperliquid.xyz/info "HTTP/1.1 200 OK"
2026-05-02 15:14:25 | INFO    | httpx._client | HTTP Request: POST https://api.hyperliquid.xyz/info "HTTP/1.1 200 OK"
2026-05-02 15:14:25 | INFO    | httpx._client | HTTP Request: POST https://api.hyperliquid.xyz/info "HTTP/1.1 200 OK"
2026-05-02 15:14:25 | INFO    | httpx._client | HTTP Request: POST https://api.hyperliquid.xyz/info "HTTP/1.1 200 OK"
2026-05-02 15:14:26 | INFO    | httpx._client | HTTP Request: POST https://api.hyperliquid.xyz/info "HTTP/1.1 200 OK"
2026-05-02 15:14:26 | INFO    | httpx._client | HTTP Request: POST https://api.hyperliquid.xyz/info "HTTP/1.1 200 OK"
2026-05-02 15:14:27 | INFO    | httpx._client | HTTP Request: POST https://api.hyperliquid.xyz/info "HTTP/1.1 200 OK"
2026-05-02 15:14:30 | INFO    | httpx._client | HTTP Request: GET https://degen.virtuals.io/api/council?seasonId=53 "HTTP/1.1 404 "
2026-05-02 15:14:30 | WARNING | collectors.degenclaw_collector | fetch council (seasonId=53) failed: Client error '404 ' for url 'https://degen.virtuals.io/api/council?seasonId=53'
For more information check: https://developer.mozilla.org/en-US/docs/Web/HTTP/Status/404
2026-05-02 15:14:33 | INFO    | httpx._client | HTTP Request: GET https://degen.virtuals.io/api/council/seasons "HTTP/1.1 200 "
2026-05-02 15:14:35 | INFO    | httpx._client | HTTP Request: GET https://degen.virtuals.io/api/council?seasonId=52 "HTTP/1.1 200 "
2026-05-02 15:14:39 | INFO    | scoring.engine | 评分完成: 86 个 Agent
2026-05-02 15:14:39 | INFO    | scheduler.scheduler | 评分完成: 86 个 Agent
2026-05-02 15:19:10 | INFO    | apscheduler.executors.base | Running job "PollingController.scheduled_scan (trigger: interval[0:05:00], next run at: 2026-05-02 07:24:10 UTC)" (scheduled at 2026-05-02 07:19:10.635601+00:00)
2026-05-02 15:19:13 | INFO    | httpx._client | HTTP Request: GET https://degen.virtuals.io/api/leaderboard?limit=50&offset=50 "HTTP/1.1 200 "
2026-05-02 15:19:13 | INFO    | httpx._client | HTTP Request: GET https://degen.virtuals.io/api/leaderboard?limit=50&offset=150 "HTTP/1.1 200 "
2026-05-02 15:19:14 | INFO    | httpx._client | HTTP Request: GET https://degen.virtuals.io/api/leaderboard?limit=50&offset=250 "HTTP/1.1 200 "
2026-05-02 15:19:14 | INFO    | httpx._client | HTTP Request: GET https://degen.virtuals.io/api/leaderboard?limit=50&offset=300 "HTTP/1.1 200 "
2026-05-02 15:19:14 | INFO    | httpx._client | HTTP Request: GET https://degen.virtuals.io/api/leaderboard?limit=50&offset=100 "HTTP/1.1 200 "
2026-05-02 15:19:14 | INFO    | httpx._client | HTTP Request: GET https://degen.virtuals.io/api/leaderboard?limit=50&offset=200 "HTTP/1.1 200 "
2026-05-02 15:19:15 | INFO    | httpx._client | HTTP Request: GET https://degen.virtuals.io/api/leaderboard?limit=50&offset=0 "HTTP/1.1 200 "
2026-05-02 15:19:19 | INFO    | httpx._client | HTTP Request: GET https://degen.virtuals.io/api/seasons "HTTP/1.1 200 "
2026-05-02 15:19:19 | INFO    | collectors.season_manager | 当前赛季: Season 5 (2026-04-28 ~ 2026-05-05)
2026-05-02 15:19:19 | INFO    | scheduler.scheduler | 赛季过滤: 移除 246 个非当季 Agent (剩 86)，排名已重分配
2026-05-02 15:19:24 | INFO    | httpx._client | HTTP Request: GET https://degen.virtuals.io/api/pot-agents "HTTP/1.1 200 "
2026-05-02 15:19:52 | INFO    | httpx._client | HTTP Request: POST https://api.hyperliquid.xyz/info "HTTP/1.1 200 OK"
2026-05-02 15:19:52 | INFO    | httpx._client | HTTP Request: POST https://api.hyperliquid.xyz/info "HTTP/1.1 200 OK"
2026-05-02 15:19:52 | INFO    | httpx._client | HTTP Request: POST https://api.hyperliquid.xyz/info "HTTP/1.1 200 OK"
2026-05-02 15:19:52 | INFO    | httpx._client | HTTP Request: POST https://api.hyperliquid.xyz/info "HTTP/1.1 200 OK"
2026-05-02 15:19:52 | INFO    | httpx._client | HTTP Request: POST https://api.hyperliquid.xyz/info "HTTP/1.1 200 OK"
2026-05-02 15:19:52 | INFO    | httpx._client | HTTP Request: POST https://api.hyperliquid.xyz/info "HTTP/1.1 200 OK"
2026-05-02 15:19:52 | INFO    | httpx._client | HTTP Request: POST https://api.hyperliquid.xyz/info "HTTP/1.1 200 OK"
2026-05-02 15:19:52 | INFO    | httpx._client | HTTP Request: POST https://api.hyperliquid.xyz/info "HTTP/1.1 200 OK"
2026-05-02 15:19:52 | INFO    | httpx._client | HTTP Request: POST https://api.hyperliquid.xyz/info "HTTP/1.1 200 OK"
2026-05-02 15:19:53 | INFO    | httpx._client | HTTP Request: POST https://api.hyperliquid.xyz/info "HTTP/1.1 200 OK"
2026-05-02 15:19:58 | INFO    | httpx._client | HTTP Request: POST https://api.hyperliquid.xyz/info "HTTP/1.1 200 OK"
2026-05-02 15:20:01 | INFO    | httpx._client | HTTP Request: GET https://degen.virtuals.io/api/council?seasonId=53 "HTTP/1.1 404 "
2026-05-02 15:20:01 | WARNING | collectors.degenclaw_collector | fetch council (seasonId=53) failed: Client error '404 ' for url 'https://degen.virtuals.io/api/council?seasonId=53'
For more information check: https://developer.mozilla.org/en-US/docs/Web/HTTP/Status/404
2026-05-02 15:20:05 | INFO    | httpx._client | HTTP Request: GET https://degen.virtuals.io/api/council/seasons "HTTP/1.1 200 "
2026-05-02 15:20:08 | INFO    | httpx._client | HTTP Request: GET https://degen.virtuals.io/api/council?seasonId=52 "HTTP/1.1 200 "
2026-05-02 15:20:17 | INFO    | scoring.engine | 评分完成: 86 个 Agent
2026-05-02 15:20:17 | INFO    | scheduler.scheduler | 评分完成: 86 个 Agent
2026-05-02 15:20:17 | INFO    | apscheduler.executors.base | Job "PollingController.scheduled_scan (trigger: interval[0:05:00], next run at: 2026-05-02 07:24:10 UTC)" executed successfully
2026-05-02 15:24:10 | INFO    | apscheduler.executors.base | Running job "PollingController.scheduled_scan (trigger: interval[0:05:00], next run at: 2026-05-02 07:29:10 UTC)" (scheduled at 2026-05-02 07:24:10.635601+00:00)
2026-05-02 15:24:18 | INFO    | httpx._client | HTTP Request: GET https://degen.virtuals.io/api/leaderboard?limit=50&offset=100 "HTTP/1.1 200 "
2026-05-02 15:24:18 | INFO    | httpx._client | HTTP Request: GET https://degen.virtuals.io/api/leaderboard?limit=50&offset=0 "HTTP/1.1 200 "
2026-05-02 15:24:18 | INFO    | httpx._client | HTTP Request: GET https://degen.virtuals.io/api/leaderboard?limit=50&offset=200 "HTTP/1.1 200 "
2026-05-02 15:24:19 | INFO    | httpx._client | HTTP Request: GET https://degen.virtuals.io/api/leaderboard?limit=50&offset=150 "HTTP/1.1 200 "
2026-05-02 15:24:19 | INFO    | httpx._client | HTTP Request: GET https://degen.virtuals.io/api/leaderboard?limit=50&offset=300 "HTTP/1.1 200 "
2026-05-02 15:24:19 | INFO    | httpx._client | HTTP Request: GET https://degen.virtuals.io/api/leaderboard?limit=50&offset=250 "HTTP/1.1 200 "
2026-05-02 15:24:19 | INFO    | httpx._client | HTTP Request: GET https://degen.virtuals.io/api/leaderboard?limit=50&offset=50 "HTTP/1.1 200 "
2026-05-02 15:24:31 | INFO    | httpx._client | HTTP Request: GET https://degen.virtuals.io/api/seasons "HTTP/1.1 200 "
2026-05-02 15:24:31 | INFO    | collectors.season_manager | 当前赛季: Season 5 (2026-04-28 ~ 2026-05-05)
2026-05-02 15:24:31 | INFO    | scheduler.scheduler | 赛季过滤: 移除 246 个非当季 Agent (剩 86)，排名已重分配
2026-05-02 15:24:35 | INFO    | httpx._client | HTTP Request: GET https://degen.virtuals.io/api/pot-agents "HTTP/1.1 200 "
2026-05-02 15:25:01 | INFO    | httpx._client | HTTP Request: POST https://api.hyperliquid.xyz/info "HTTP/1.1 200 OK"
2026-05-02 15:25:01 | INFO    | httpx._client | HTTP Request: POST https://api.hyperliquid.xyz/info "HTTP/1.1 200 OK"
2026-05-02 15:25:01 | INFO    | httpx._client | HTTP Request: POST https://api.hyperliquid.xyz/info "HTTP/1.1 200 OK"
2026-05-02 15:25:01 | INFO    | httpx._client | HTTP Request: POST https://api.hyperliquid.xyz/info "HTTP/1.1 200 OK"
2026-05-02 15:25:02 | INFO    | httpx._client | HTTP Request: POST https://api.hyperliquid.xyz/info "HTTP/1.1 200 OK"
2026-05-02 15:25:02 | INFO    | httpx._client | HTTP Request: POST https://api.hyperliquid.xyz/info "HTTP/1.1 200 OK"
2026-05-02 15:25:02 | INFO    | httpx._client | HTTP Request: POST https://api.hyperliquid.xyz/info "HTTP/1.1 200 OK"
2026-05-02 15:25:02 | INFO    | httpx._client | HTTP Request: POST https://api.hyperliquid.xyz/info "HTTP/1.1 200 OK"
2026-05-02 15:25:02 | INFO    | httpx._client | HTTP Request: POST https://api.hyperliquid.xyz/info "HTTP/1.1 200 OK"
2026-05-02 15:25:03 | INFO    | httpx._client | HTTP Request: POST https://api.hyperliquid.xyz/info "HTTP/1.1 200 OK"
2026-05-02 15:25:05 | INFO    | httpx._client | HTTP Request: POST https://api.hyperliquid.xyz/info "HTTP/1.1 200 OK"
2026-05-02 15:25:08 | INFO    | httpx._client | HTTP Request: GET https://degen.virtuals.io/api/council?seasonId=53 "HTTP/1.1 404 "
2026-05-02 15:25:08 | WARNING | collectors.degenclaw_collector | fetch council (seasonId=53) failed: Client error '404 ' for url 'https://degen.virtuals.io/api/council?seasonId=53'
For more information check: https://developer.mozilla.org/en-US/docs/Web/HTTP/Status/404
2026-05-02 15:25:13 | INFO    | httpx._client | HTTP Request: GET https://degen.virtuals.io/api/council/seasons "HTTP/1.1 200 "
2026-05-02 15:25:17 | INFO    | httpx._client | HTTP Request: GET https://degen.virtuals.io/api/council?seasonId=52 "HTTP/1.1 200 "
2026-05-02 15:25:25 | INFO    | scoring.engine | 评分完成: 86 个 Agent
2026-05-02 15:25:26 | INFO    | scheduler.scheduler | 评分完成: 86 个 Agent
2026-05-02 15:25:26 | INFO    | apscheduler.executors.base | Job "PollingController.scheduled_scan (trigger: interval[0:05:00], next run at: 2026-05-02 07:29:10 UTC)" executed successfully
2026-05-02 15:29:10 | INFO    | apscheduler.executors.base | Running job "PollingController.scheduled_outcome_check (trigger: interval[0:15:00], next run at: 2026-05-02 07:44:10 UTC)" (scheduled at 2026-05-02 07:29:10.635601+00:00)
2026-05-02 15:29:10 | INFO    | scheduler.scheduler | Outcome check: checked=0 correct=0 wrong=0 skipped=0
2026-05-02 15:29:10 | INFO    | apscheduler.executors.base | Job "PollingController.scheduled_outcome_check (trigger: interval[0:15:00], next run at: 2026-05-02 07:44:10 UTC)" executed successfully
2026-05-02 15:29:10 | INFO    | apscheduler.executors.base | Running job "PollingController.scheduled_scan (trigger: interval[0:05:00], next run at: 2026-05-02 07:34:10 UTC)" (scheduled at 2026-05-02 07:29:10.635601+00:00)
2026-05-02 15:29:13 | INFO    | httpx._client | HTTP Request: GET https://degen.virtuals.io/api/leaderboard?limit=50&offset=50 "HTTP/1.1 200 "
2026-05-02 15:29:13 | INFO    | httpx._client | HTTP Request: GET https://degen.virtuals.io/api/leaderboard?limit=50&offset=200 "HTTP/1.1 200 "
2026-05-02 15:29:14 | INFO    | httpx._client | HTTP Request: GET https://degen.virtuals.io/api/leaderboard?limit=50&offset=300 "HTTP/1.1 200 "
2026-05-02 15:29:14 | INFO    | httpx._client | HTTP Request: GET https://degen.virtuals.io/api/leaderboard?limit=50&offset=0 "HTTP/1.1 200 "
2026-05-02 15:29:14 | INFO    | httpx._client | HTTP Request: GET https://degen.virtuals.io/api/leaderboard?limit=50&offset=150 "HTTP/1.1 200 "
2026-05-02 15:29:15 | INFO    | httpx._client | HTTP Request: GET https://degen.virtuals.io/api/leaderboard?limit=50&offset=250 "HTTP/1.1 200 "
2026-05-02 15:29:15 | INFO    | httpx._client | HTTP Request: GET https://degen.virtuals.io/api/leaderboard?limit=50&offset=100 "HTTP/1.1 200 "
2026-05-02 15:29:19 | INFO    | httpx._client | HTTP Request: GET https://degen.virtuals.io/api/seasons "HTTP/1.1 200 "
2026-05-02 15:29:19 | INFO    | collectors.season_manager | 当前赛季: Season 5 (2026-04-28 ~ 2026-05-05)
2026-05-02 15:29:19 | INFO    | scheduler.scheduler | 赛季过滤: 移除 246 个非当季 Agent (剩 86)，排名已重分配
2026-05-02 15:29:24 | INFO    | httpx._client | HTTP Request: GET https://degen.virtuals.io/api/pot-agents "HTTP/1.1 200 "
2026-05-02 15:29:51 | INFO    | httpx._client | HTTP Request: POST https://api.hyperliquid.xyz/info "HTTP/1.1 200 OK"
2026-05-02 15:29:51 | INFO    | httpx._client | HTTP Request: POST https://api.hyperliquid.xyz/info "HTTP/1.1 200 OK"
2026-05-02 15:29:51 | INFO    | httpx._client | HTTP Request: POST https://api.hyperliquid.xyz/info "HTTP/1.1 200 OK"
2026-05-02 15:29:51 | INFO    | httpx._client | HTTP Request: POST https://api.hyperliquid.xyz/info "HTTP/1.1 200 OK"
2026-05-02 15:29:52 | INFO    | httpx._client | HTTP Request: POST https://api.hyperliquid.xyz/info "HTTP/1.1 200 OK"
2026-05-02 15:29:52 | INFO    | httpx._client | HTTP Request: POST https://api.hyperliquid.xyz/info "HTTP/1.1 200 OK"
2026-05-02 15:29:52 | INFO    | httpx._client | HTTP Request: POST https://api.hyperliquid.xyz/info "HTTP/1.1 200 OK"
2026-05-02 15:29:52 | INFO    | httpx._client | HTTP Request: POST https://api.hyperliquid.xyz/info "HTTP/1.1 200 OK"
2026-05-02 15:29:52 | INFO    | httpx._client | HTTP Request: POST https://api.hyperliquid.xyz/info "HTTP/1.1 200 OK"
2026-05-02 15:29:52 | INFO    | httpx._client | HTTP Request: POST https://api.hyperliquid.xyz/info "HTTP/1.1 200 OK"
2026-05-02 15:29:58 | INFO    | httpx._client | HTTP Request: POST https://api.hyperliquid.xyz/info "HTTP/1.1 200 OK"
2026-05-02 15:30:01 | INFO    | httpx._client | HTTP Request: GET https://degen.virtuals.io/api/council?seasonId=53 "HTTP/1.1 404 "
2026-05-02 15:30:01 | WARNING | collectors.degenclaw_collector | fetch council (seasonId=53) failed: Client error '404 ' for url 'https://degen.virtuals.io/api/council?seasonId=53'
For more information check: https://developer.mozilla.org/en-US/docs/Web/HTTP/Status/404
2026-05-02 15:30:04 | INFO    | httpx._client | HTTP Request: GET https://degen.virtuals.io/api/council/seasons "HTTP/1.1 200 "
2026-05-02 15:30:08 | INFO    | httpx._client | HTTP Request: GET https://degen.virtuals.io/api/council?seasonId=52 "HTTP/1.1 200 "
2026-05-02 15:30:16 | INFO    | scoring.engine | 评分完成: 86 个 Agent
2026-05-02 15:30:17 | INFO    | scheduler.scheduler | 评分完成: 86 个 Agent
2026-05-02 15:30:17 | INFO    | apscheduler.executors.base | Job "PollingController.scheduled_scan (trigger: interval[0:05:00], next run at: 2026-05-02 07:34:10 UTC)" executed successfully
2026-05-02 15:34:10 | INFO    | apscheduler.executors.base | Running job "PollingController.scheduled_scan (trigger: interval[0:05:00], next run at: 2026-05-02 07:39:10 UTC)" (scheduled at 2026-05-02 07:34:10.635601+00:00)
2026-05-02 15:34:13 | WARNING | apscheduler.executors.base | Run time of job "PollingController.scheduled_signal_gen (trigger: interval[0:15:00], next run at: 2026-05-02 07:49:10 UTC)" was missed by 0:00:02.642803
2026-05-02 15:34:13 | INFO    | httpx._client | HTTP Request: GET https://degen.virtuals.io/api/leaderboard?limit=50&offset=200 "HTTP/1.1 200 "
2026-05-02 15:34:14 | INFO    | httpx._client | HTTP Request: GET https://degen.virtuals.io/api/leaderboard?limit=50&offset=300 "HTTP/1.1 200 "
2026-05-02 15:34:14 | INFO    | httpx._client | HTTP Request: GET https://degen.virtuals.io/api/leaderboard?limit=50&offset=250 "HTTP/1.1 200 "
2026-05-02 15:34:14 | INFO    | httpx._client | HTTP Request: GET https://degen.virtuals.io/api/leaderboard?limit=50&offset=0 "HTTP/1.1 200 "
2026-05-02 15:34:14 | INFO    | httpx._client | HTTP Request: GET https://degen.virtuals.io/api/leaderboard?limit=50&offset=100 "HTTP/1.1 200 "
2026-05-02 15:34:14 | INFO    | httpx._client | HTTP Request: GET https://degen.virtuals.io/api/leaderboard?limit=50&offset=150 "HTTP/1.1 200 "
2026-05-02 15:34:14 | INFO    | httpx._client | HTTP Request: GET https://degen.virtuals.io/api/leaderboard?limit=50&offset=50 "HTTP/1.1 200 "
2026-05-02 15:34:18 | INFO    | httpx._client | HTTP Request: GET https://degen.virtuals.io/api/seasons "HTTP/1.1 200 "
2026-05-02 15:34:18 | INFO    | collectors.season_manager | 当前赛季: Season 5 (2026-04-28 ~ 2026-05-05)
2026-05-02 15:34:18 | INFO    | scheduler.scheduler | 赛季过滤: 移除 246 个非当季 Agent (剩 86)，排名已重分配
2026-05-02 15:34:21 | INFO    | httpx._client | HTTP Request: GET https://degen.virtuals.io/api/pot-agents "HTTP/1.1 200 "
2026-05-02 15:34:48 | INFO    | httpx._client | HTTP Request: POST https://api.hyperliquid.xyz/info "HTTP/1.1 200 OK"
2026-05-02 15:34:48 | INFO    | httpx._client | HTTP Request: POST https://api.hyperliquid.xyz/info "HTTP/1.1 200 OK"
2026-05-02 15:34:48 | INFO    | httpx._client | HTTP Request: POST https://api.hyperliquid.xyz/info "HTTP/1.1 200 OK"
2026-05-02 15:34:48 | INFO    | httpx._client | HTTP Request: POST https://api.hyperliquid.xyz/info "HTTP/1.1 200 OK"
2026-05-02 15:34:48 | INFO    | httpx._client | HTTP Request: POST https://api.hyperliquid.xyz/info "HTTP/1.1 200 OK"
2026-05-02 15:34:48 | INFO    | httpx._client | HTTP Request: POST https://api.hyperliquid.xyz/info "HTTP/1.1 200 OK"
2026-05-02 15:34:48 | INFO    | httpx._client | HTTP Request: POST https://api.hyperliquid.xyz/info "HTTP/1.1 200 OK"
2026-05-02 15:34:48 | INFO    | httpx._client | HTTP Request: POST https://api.hyperliquid.xyz/info "HTTP/1.1 200 OK"
2026-05-02 15:34:49 | INFO    | httpx._client | HTTP Request: POST https://api.hyperliquid.xyz/info "HTTP/1.1 200 OK"
2026-05-02 15:34:53 | INFO    | httpx._client | HTTP Request: POST https://api.hyperliquid.xyz/info "HTTP/1.1 200 OK"
2026-05-02 15:34:56 | INFO    | httpx._client | HTTP Request: POST https://api.hyperliquid.xyz/info "HTTP/1.1 200 OK"
2026-05-02 15:34:59 | INFO    | httpx._client | HTTP Request: GET https://degen.virtuals.io/api/council?seasonId=53 "HTTP/1.1 404 "
2026-05-02 15:34:59 | WARNING | collectors.degenclaw_collector | fetch council (seasonId=53) failed: Client error '404 ' for url 'https://degen.virtuals.io/api/council?seasonId=53'
For more information check: https://developer.mozilla.org/en-US/docs/Web/HTTP/Status/404
2026-05-02 15:35:02 | INFO    | httpx._client | HTTP Request: GET https://degen.virtuals.io/api/council/seasons "HTTP/1.1 200 "
2026-05-02 15:35:05 | INFO    | httpx._client | HTTP Request: GET https://degen.virtuals.io/api/council?seasonId=52 "HTTP/1.1 200 "
2026-05-02 15:35:14 | INFO    | scoring.engine | 评分完成: 86 个 Agent
2026-05-02 15:35:15 | INFO    | scheduler.scheduler | 评分完成: 86 个 Agent
2026-05-02 15:35:15 | INFO    | apscheduler.executors.base | Job "PollingController.scheduled_scan (trigger: interval[0:05:00], next run at: 2026-05-02 07:39:10 UTC)" executed successfully
2026-05-02 15:39:10 | INFO    | apscheduler.executors.base | Running job "PollingController.scheduled_scan (trigger: interval[0:05:00], next run at: 2026-05-02 07:44:10 UTC)" (scheduled at 2026-05-02 07:39:10.635601+00:00)
2026-05-02 15:39:13 | INFO    | httpx._client | HTTP Request: GET https://degen.virtuals.io/api/leaderboard?limit=50&offset=50 "HTTP/1.1 200 "
2026-05-02 15:39:13 | INFO    | httpx._client | HTTP Request: GET https://degen.virtuals.io/api/leaderboard?limit=50&offset=0 "HTTP/1.1 200 "
2026-05-02 15:39:13 | INFO    | httpx._client | HTTP Request: GET https://degen.virtuals.io/api/leaderboard?limit=50&offset=200 "HTTP/1.1 200 "
2026-05-02 15:39:13 | INFO    | httpx._client | HTTP Request: GET https://degen.virtuals.io/api/leaderboard?limit=50&offset=100 "HTTP/1.1 200 "
2026-05-02 15:39:14 | INFO    | httpx._client | HTTP Request: GET https://degen.virtuals.io/api/leaderboard?limit=50&offset=300 "HTTP/1.1 200 "
2026-05-02 15:39:14 | INFO    | httpx._client | HTTP Request: GET https://degen.virtuals.io/api/leaderboard?limit=50&offset=150 "HTTP/1.1 200 "
2026-05-02 15:39:14 | INFO    | httpx._client | HTTP Request: GET https://degen.virtuals.io/api/leaderboard?limit=50&offset=250 "HTTP/1.1 200 "
2026-05-02 15:39:20 | INFO    | httpx._client | HTTP Request: GET https://degen.virtuals.io/api/seasons "HTTP/1.1 200 "
2026-05-02 15:39:20 | INFO    | collectors.season_manager | 当前赛季: Season 5 (2026-04-28 ~ 2026-05-05)
2026-05-02 15:39:20 | INFO    | scheduler.scheduler | 赛季过滤: 移除 246 个非当季 Agent (剩 86)，排名已重分配
2026-05-02 15:39:25 | INFO    | httpx._client | HTTP Request: GET https://degen.virtuals.io/api/pot-agents "HTTP/1.1 200 "
2026-05-02 15:39:51 | INFO    | httpx._client | HTTP Request: POST https://api.hyperliquid.xyz/info "HTTP/1.1 200 OK"
2026-05-02 15:39:51 | INFO    | httpx._client | HTTP Request: POST https://api.hyperliquid.xyz/info "HTTP/1.1 200 OK"
2026-05-02 15:39:51 | INFO    | httpx._client | HTTP Request: POST https://api.hyperliquid.xyz/info "HTTP/1.1 200 OK"
2026-05-02 15:39:51 | INFO    | httpx._client | HTTP Request: POST https://api.hyperliquid.xyz/info "HTTP/1.1 200 OK"
2026-05-02 15:39:51 | INFO    | httpx._client | HTTP Request: POST https://api.hyperliquid.xyz/info "HTTP/1.1 200 OK"
2026-05-02 15:39:51 | INFO    | httpx._client | HTTP Request: POST https://api.hyperliquid.xyz/info "HTTP/1.1 200 OK"
2026-05-02 15:39:51 | INFO    | httpx._client | HTTP Request: POST https://api.hyperliquid.xyz/info "HTTP/1.1 200 OK"
2026-05-02 15:39:52 | INFO    | httpx._client | HTTP Request: POST https://api.hyperliquid.xyz/info "HTTP/1.1 200 OK"
2026-05-02 15:39:52 | INFO    | httpx._client | HTTP Request: POST https://api.hyperliquid.xyz/info "HTTP/1.1 200 OK"
2026-05-02 15:39:52 | INFO    | httpx._client | HTTP Request: POST https://api.hyperliquid.xyz/info "HTTP/1.1 200 OK"
2026-05-02 15:39:57 | INFO    | httpx._client | HTTP Request: POST https://api.hyperliquid.xyz/info "HTTP/1.1 200 OK"
2026-05-02 15:40:01 | INFO    | httpx._client | HTTP Request: GET https://degen.virtuals.io/api/council?seasonId=53 "HTTP/1.1 404 "
2026-05-02 15:40:01 | WARNING | collectors.degenclaw_collector | fetch council (seasonId=53) failed: Client error '404 ' for url 'https://degen.virtuals.io/api/council?seasonId=53'
For more information check: https://developer.mozilla.org/en-US/docs/Web/HTTP/Status/404
2026-05-02 15:40:04 | INFO    | httpx._client | HTTP Request: GET https://degen.virtuals.io/api/council/seasons "HTTP/1.1 200 "
2026-05-02 15:40:07 | INFO    | httpx._client | HTTP Request: GET https://degen.virtuals.io/api/council?seasonId=52 "HTTP/1.1 200 "
2026-05-02 15:40:16 | INFO    | scoring.engine | 评分完成: 86 个 Agent
2026-05-02 15:40:17 | INFO    | scheduler.scheduler | 评分完成: 86 个 Agent
2026-05-02 15:40:17 | INFO    | apscheduler.executors.base | Job "PollingController.scheduled_scan (trigger: interval[0:05:00], next run at: 2026-05-02 07:44:10 UTC)" executed successfully
2026-05-02 15:44:10 | INFO    | apscheduler.executors.base | Running job "PollingController.scheduled_outcome_check (trigger: interval[0:15:00], next run at: 2026-05-02 07:59:10 UTC)" (scheduled at 2026-05-02 07:44:10.635601+00:00)
2026-05-02 15:44:10 | INFO    | scheduler.scheduler | Outcome check: checked=0 correct=0 wrong=0 skipped=0
2026-05-02 15:44:10 | INFO    | apscheduler.executors.base | Job "PollingController.scheduled_outcome_check (trigger: interval[0:15:00], next run at: 2026-05-02 07:59:10 UTC)" executed successfully
2026-05-02 15:44:10 | INFO    | apscheduler.executors.base | Running job "PollingController.scheduled_scan (trigger: interval[0:05:00], next run at: 2026-05-02 07:49:10 UTC)" (scheduled at 2026-05-02 07:44:10.635601+00:00)
2026-05-02 15:44:13 | INFO    | httpx._client | HTTP Request: GET https://degen.virtuals.io/api/leaderboard?limit=50&offset=200 "HTTP/1.1 200 "
2026-05-02 15:44:13 | INFO    | httpx._client | HTTP Request: GET https://degen.virtuals.io/api/leaderboard?limit=50&offset=300 "HTTP/1.1 200 "
2026-05-02 15:44:13 | INFO    | httpx._client | HTTP Request: GET https://degen.virtuals.io/api/leaderboard?limit=50&offset=250 "HTTP/1.1 200 "
2026-05-02 15:44:14 | INFO    | httpx._client | HTTP Request: GET https://degen.virtuals.io/api/leaderboard?limit=50&offset=0 "HTTP/1.1 200 "
2026-05-02 15:44:14 | INFO    | httpx._client | HTTP Request: GET https://degen.virtuals.io/api/leaderboard?limit=50&offset=150 "HTTP/1.1 200 "
2026-05-02 15:44:14 | INFO    | httpx._client | HTTP Request: GET https://degen.virtuals.io/api/leaderboard?limit=50&offset=50 "HTTP/1.1 200 "
2026-05-02 15:44:15 | INFO    | httpx._client | HTTP Request: GET https://degen.virtuals.io/api/leaderboard?limit=50&offset=100 "HTTP/1.1 200 "
2026-05-02 15:44:21 | INFO    | httpx._client | HTTP Request: GET https://degen.virtuals.io/api/seasons "HTTP/1.1 200 "
2026-05-02 15:44:21 | INFO    | collectors.season_manager | 当前赛季: Season 5 (2026-04-28 ~ 2026-05-05)
2026-05-02 15:44:21 | INFO    | scheduler.scheduler | 赛季过滤: 移除 246 个非当季 Agent (剩 86)，排名已重分配
2026-05-02 15:44:24 | INFO    | httpx._client | HTTP Request: GET https://degen.virtuals.io/api/pot-agents "HTTP/1.1 200 "
2026-05-02 15:44:50 | INFO    | httpx._client | HTTP Request: POST https://api.hyperliquid.xyz/info "HTTP/1.1 200 OK"
2026-05-02 15:44:50 | INFO    | httpx._client | HTTP Request: POST https://api.hyperliquid.xyz/info "HTTP/1.1 200 OK"
2026-05-02 15:44:50 | INFO    | httpx._client | HTTP Request: POST https://api.hyperliquid.xyz/info "HTTP/1.1 200 OK"
2026-05-02 15:44:50 | INFO    | httpx._client | HTTP Request: POST https://api.hyperliquid.xyz/info "HTTP/1.1 200 OK"
2026-05-02 15:44:50 | INFO    | httpx._client | HTTP Request: POST https://api.hyperliquid.xyz/info "HTTP/1.1 200 OK"
2026-05-02 15:44:51 | INFO    | httpx._client | HTTP Request: POST https://api.hyperliquid.xyz/info "HTTP/1.1 200 OK"
2026-05-02 15:44:51 | INFO    | httpx._client | HTTP Request: POST https://api.hyperliquid.xyz/info "HTTP/1.1 200 OK"
2026-05-02 15:44:52 | INFO    | httpx._client | HTTP Request: POST https://api.hyperliquid.xyz/info "HTTP/1.1 200 OK"
2026-05-02 15:44:52 | INFO    | httpx._client | HTTP Request: POST https://api.hyperliquid.xyz/info "HTTP/1.1 200 OK"
2026-05-02 15:44:52 | INFO    | httpx._client | HTTP Request: POST https://api.hyperliquid.xyz/info "HTTP/1.1 200 OK"
2026-05-02 15:44:55 | INFO    | httpx._client | HTTP Request: POST https://api.hyperliquid.xyz/info "HTTP/1.1 200 OK"
2026-05-02 15:45:00 | INFO    | httpx._client | HTTP Request: GET https://degen.virtuals.io/api/council?seasonId=53 "HTTP/1.1 404 "
2026-05-02 15:45:00 | WARNING | collectors.degenclaw_collector | fetch council (seasonId=53) failed: Client error '404 ' for url 'https://degen.virtuals.io/api/council?seasonId=53'
For more information check: https://developer.mozilla.org/en-US/docs/Web/HTTP/Status/404
2026-05-02 15:45:03 | INFO    | httpx._client | HTTP Request: GET https://degen.virtuals.io/api/council/seasons "HTTP/1.1 200 "
2026-05-02 15:45:06 | INFO    | httpx._client | HTTP Request: GET https://degen.virtuals.io/api/council?seasonId=52 "HTTP/1.1 200 "
2026-05-02 15:45:14 | INFO    | scoring.engine | 评分完成: 86 个 Agent
2026-05-02 15:45:15 | INFO    | scheduler.scheduler | 评分完成: 86 个 Agent
2026-05-02 15:45:15 | INFO    | apscheduler.executors.base | Job "PollingController.scheduled_scan (trigger: interval[0:05:00], next run at: 2026-05-02 07:49:10 UTC)" executed successfully
2026-05-02 15:49:10 | INFO    | apscheduler.executors.base | Running job "PollingController.scheduled_scan (trigger: interval[0:05:00], next run at: 2026-05-02 07:54:10 UTC)" (scheduled at 2026-05-02 07:49:10.635601+00:00)
2026-05-02 15:49:13 | WARNING | apscheduler.executors.base | Run time of job "PollingController.scheduled_signal_gen (trigger: interval[0:15:00], next run at: 2026-05-02 08:04:10 UTC)" was missed by 0:00:02.564967
2026-05-02 15:49:14 | INFO    | httpx._client | HTTP Request: GET https://degen.virtuals.io/api/leaderboard?limit=50&offset=50 "HTTP/1.1 200 "
2026-05-02 15:49:14 | INFO    | httpx._client | HTTP Request: GET https://degen.virtuals.io/api/leaderboard?limit=50&offset=100 "HTTP/1.1 200 "
2026-05-02 15:49:14 | INFO    | httpx._client | HTTP Request: GET https://degen.virtuals.io/api/leaderboard?limit=50&offset=300 "HTTP/1.1 200 "
2026-05-02 15:49:14 | INFO    | httpx._client | HTTP Request: GET https://degen.virtuals.io/api/leaderboard?limit=50&offset=150 "HTTP/1.1 200 "
2026-05-02 15:49:14 | INFO    | httpx._client | HTTP Request: GET https://degen.virtuals.io/api/leaderboard?limit=50&offset=0 "HTTP/1.1 200 "
2026-05-02 15:49:15 | INFO    | httpx._client | HTTP Request: GET https://degen.virtuals.io/api/leaderboard?limit=50&offset=250 "HTTP/1.1 200 "
2026-05-02 15:49:15 | INFO    | httpx._client | HTTP Request: GET https://degen.virtuals.io/api/leaderboard?limit=50&offset=200 "HTTP/1.1 200 "
2026-05-02 15:49:18 | INFO    | httpx._client | HTTP Request: GET https://degen.virtuals.io/api/seasons "HTTP/1.1 200 "
2026-05-02 15:49:18 | INFO    | collectors.season_manager | 当前赛季: Season 5 (2026-04-28 ~ 2026-05-05)
2026-05-02 15:49:18 | INFO    | scheduler.scheduler | 赛季过滤: 移除 246 个非当季 Agent (剩 86)，排名已重分配
2026-05-02 15:49:21 | INFO    | httpx._client | HTTP Request: GET https://degen.virtuals.io/api/pot-agents "HTTP/1.1 200 "
2026-05-02 15:49:48 | INFO    | httpx._client | HTTP Request: POST https://api.hyperliquid.xyz/info "HTTP/1.1 200 OK"
2026-05-02 15:49:49 | INFO    | httpx._client | HTTP Request: POST https://api.hyperliquid.xyz/info "HTTP/1.1 200 OK"
2026-05-02 15:49:49 | INFO    | httpx._client | HTTP Request: POST https://api.hyperliquid.xyz/info "HTTP/1.1 200 OK"
2026-05-02 15:49:49 | INFO    | httpx._client | HTTP Request: POST https://api.hyperliquid.xyz/info "HTTP/1.1 200 OK"
2026-05-02 15:49:49 | INFO    | httpx._client | HTTP Request: POST https://api.hyperliquid.xyz/info "HTTP/1.1 200 OK"
2026-05-02 15:49:49 | INFO    | httpx._client | HTTP Request: POST https://api.hyperliquid.xyz/info "HTTP/1.1 200 OK"
2026-05-02 15:49:50 | INFO    | httpx._client | HTTP Request: POST https://api.hyperliquid.xyz/info "HTTP/1.1 200 OK"
2026-05-02 15:49:50 | INFO    | httpx._client | HTTP Request: POST https://api.hyperliquid.xyz/info "HTTP/1.1 200 OK"
2026-05-02 15:49:50 | INFO    | httpx._client | HTTP Request: POST https://api.hyperliquid.xyz/info "HTTP/1.1 200 OK"
2026-05-02 15:49:51 | INFO    | httpx._client | HTTP Request: POST https://api.hyperliquid.xyz/info "HTTP/1.1 200 OK"
2026-05-02 15:49:54 | INFO    | httpx._client | HTTP Request: POST https://api.hyperliquid.xyz/info "HTTP/1.1 200 OK"
2026-05-02 15:49:57 | INFO    | httpx._client | HTTP Request: GET https://degen.virtuals.io/api/council?seasonId=53 "HTTP/1.1 404 "
2026-05-02 15:49:57 | WARNING | collectors.degenclaw_collector | fetch council (seasonId=53) failed: Client error '404 ' for url 'https://degen.virtuals.io/api/council?seasonId=53'
For more information check: https://developer.mozilla.org/en-US/docs/Web/HTTP/Status/404
2026-05-02 15:50:00 | INFO    | httpx._client | HTTP Request: GET https://degen.virtuals.io/api/council/seasons "HTTP/1.1 200 "
2026-05-02 15:50:04 | INFO    | httpx._client | HTTP Request: GET https://degen.virtuals.io/api/council?seasonId=52 "HTTP/1.1 200 "
2026-05-02 15:50:10 | INFO    | scoring.engine | 评分完成: 86 个 Agent
2026-05-02 15:50:11 | INFO    | scheduler.scheduler | 评分完成: 86 个 Agent
2026-05-02 15:50:11 | INFO    | apscheduler.executors.base | Job "PollingController.scheduled_scan (trigger: interval[0:05:00], next run at: 2026-05-02 07:54:10 UTC)" executed successfully
2026-05-02 15:54:10 | INFO    | apscheduler.executors.base | Running job "PollingController.scheduled_scan (trigger: interval[0:05:00], next run at: 2026-05-02 07:59:10 UTC)" (scheduled at 2026-05-02 07:54:10.635601+00:00)
2026-05-02 15:54:13 | INFO    | httpx._client | HTTP Request: GET https://degen.virtuals.io/api/leaderboard?limit=50&offset=300 "HTTP/1.1 200 "
2026-05-02 15:54:13 | INFO    | httpx._client | HTTP Request: GET https://degen.virtuals.io/api/leaderboard?limit=50&offset=100 "HTTP/1.1 200 "
2026-05-02 15:54:14 | INFO    | httpx._client | HTTP Request: GET https://degen.virtuals.io/api/leaderboard?limit=50&offset=50 "HTTP/1.1 200 "
2026-05-02 15:54:14 | INFO    | httpx._client | HTTP Request: GET https://degen.virtuals.io/api/leaderboard?limit=50&offset=0 "HTTP/1.1 200 "
2026-05-02 15:54:14 | INFO    | httpx._client | HTTP Request: GET https://degen.virtuals.io/api/leaderboard?limit=50&offset=200 "HTTP/1.1 200 "
2026-05-02 15:54:15 | INFO    | httpx._client | HTTP Request: GET https://degen.virtuals.io/api/leaderboard?limit=50&offset=250 "HTTP/1.1 200 "
2026-05-02 15:54:15 | INFO    | httpx._client | HTTP Request: GET https://degen.virtuals.io/api/leaderboard?limit=50&offset=150 "HTTP/1.1 200 "
2026-05-02 15:54:19 | INFO    | httpx._client | HTTP Request: GET https://degen.virtuals.io/api/seasons "HTTP/1.1 200 "
2026-05-02 15:54:19 | INFO    | collectors.season_manager | 当前赛季: Season 5 (2026-04-28 ~ 2026-05-05)
2026-05-02 15:54:19 | INFO    | scheduler.scheduler | 赛季过滤: 移除 246 个非当季 Agent (剩 86)，排名已重分配
2026-05-02 15:54:22 | INFO    | httpx._client | HTTP Request: GET https://degen.virtuals.io/api/pot-agents "HTTP/1.1 200 "
2026-05-02 15:54:49 | INFO    | httpx._client | HTTP Request: POST https://api.hyperliquid.xyz/info "HTTP/1.1 200 OK"
2026-05-02 15:54:49 | INFO    | httpx._client | HTTP Request: POST https://api.hyperliquid.xyz/info "HTTP/1.1 200 OK"
2026-05-02 15:54:49 | INFO    | httpx._client | HTTP Request: POST https://api.hyperliquid.xyz/info "HTTP/1.1 200 OK"
2026-05-02 15:54:50 | INFO    | httpx._client | HTTP Request: POST https://api.hyperliquid.xyz/info "HTTP/1.1 200 OK"
2026-05-02 15:54:50 | INFO    | httpx._client | HTTP Request: POST https://api.hyperliquid.xyz/info "HTTP/1.1 200 OK"
2026-05-02 15:54:50 | INFO    | httpx._client | HTTP Request: POST https://api.hyperliquid.xyz/info "HTTP/1.1 200 OK"
2026-05-02 15:54:50 | INFO    | httpx._client | HTTP Request: POST https://api.hyperliquid.xyz/info "HTTP/1.1 200 OK"
2026-05-02 15:54:51 | INFO    | httpx._client | HTTP Request: POST https://api.hyperliquid.xyz/info "HTTP/1.1 200 OK"
2026-05-02 15:54:51 | INFO    | httpx._client | HTTP Request: POST https://api.hyperliquid.xyz/info "HTTP/1.1 200 OK"
2026-05-02 15:54:51 | INFO    | httpx._client | HTTP Request: POST https://api.hyperliquid.xyz/info "HTTP/1.1 200 OK"
2026-05-02 15:54:56 | INFO    | httpx._client | HTTP Request: POST https://api.hyperliquid.xyz/info "HTTP/1.1 200 OK"
2026-05-02 15:54:59 | INFO    | httpx._client | HTTP Request: GET https://degen.virtuals.io/api/council?seasonId=53 "HTTP/1.1 404 "
2026-05-02 15:54:59 | WARNING | collectors.degenclaw_collector | fetch council (seasonId=53) failed: Client error '404 ' for url 'https://degen.virtuals.io/api/council?seasonId=53'
For more information check: https://developer.mozilla.org/en-US/docs/Web/HTTP/Status/404
2026-05-02 15:55:02 | INFO    | httpx._client | HTTP Request: GET https://degen.virtuals.io/api/council/seasons "HTTP/1.1 200 "
2026-05-02 15:55:07 | INFO    | httpx._client | HTTP Request: GET https://degen.virtuals.io/api/council?seasonId=52 "HTTP/1.1 200 "
2026-05-02 15:55:15 | INFO    | scoring.engine | 评分完成: 86 个 Agent
2026-05-02 15:55:16 | INFO    | scheduler.scheduler | 评分完成: 86 个 Agent
2026-05-02 15:55:16 | INFO    | apscheduler.executors.base | Job "PollingController.scheduled_scan (trigger: interval[0:05:00], next run at: 2026-05-02 07:59:10 UTC)" executed successfully
2026-05-02 15:59:10 | INFO    | apscheduler.executors.base | Running job "PollingController.scheduled_outcome_check (trigger: interval[0:15:00], next run at: 2026-05-02 08:14:10 UTC)" (scheduled at 2026-05-02 07:59:10.635601+00:00)
2026-05-02 15:59:10 | INFO    | scheduler.scheduler | Outcome check: checked=0 correct=0 wrong=0 skipped=0
2026-05-02 15:59:10 | INFO    | apscheduler.executors.base | Job "PollingController.scheduled_outcome_check (trigger: interval[0:15:00], next run at: 2026-05-02 08:14:10 UTC)" executed successfully
2026-05-02 15:59:10 | INFO    | apscheduler.executors.base | Running job "PollingController.scheduled_scan (trigger: interval[0:05:00], next run at: 2026-05-02 08:04:10 UTC)" (scheduled at 2026-05-02 07:59:10.635601+00:00)
2026-05-02 15:59:13 | INFO    | httpx._client | HTTP Request: GET https://degen.virtuals.io/api/leaderboard?limit=50&offset=150 "HTTP/1.1 200 "
2026-05-02 15:59:14 | INFO    | httpx._client | HTTP Request: GET https://degen.virtuals.io/api/leaderboard?limit=50&offset=250 "HTTP/1.1 200 "
2026-05-02 15:59:14 | INFO    | httpx._client | HTTP Request: GET https://degen.virtuals.io/api/leaderboard?limit=50&offset=100 "HTTP/1.1 200 "
2026-05-02 15:59:14 | INFO    | httpx._client | HTTP Request: GET https://degen.virtuals.io/api/leaderboard?limit=50&offset=200 "HTTP/1.1 200 "
2026-05-02 15:59:15 | INFO    | httpx._client | HTTP Request: GET https://degen.virtuals.io/api/leaderboard?limit=50&offset=50 "HTTP/1.1 200 "
2026-05-02 15:59:15 | INFO    | httpx._client | HTTP Request: GET https://degen.virtuals.io/api/leaderboard?limit=50&offset=0 "HTTP/1.1 200 "
2026-05-02 15:59:15 | INFO    | httpx._client | HTTP Request: GET https://degen.virtuals.io/api/leaderboard?limit=50&offset=300 "HTTP/1.1 200 "
2026-05-02 15:59:20 | INFO    | httpx._client | HTTP Request: GET https://degen.virtuals.io/api/seasons "HTTP/1.1 200 "
2026-05-02 15:59:20 | INFO    | collectors.season_manager | 当前赛季: Season 5 (2026-04-28 ~ 2026-05-05)
2026-05-02 15:59:20 | INFO    | scheduler.scheduler | 赛季过滤: 移除 246 个非当季 Agent (剩 86)，排名已重分配
2026-05-02 15:59:23 | INFO    | httpx._client | HTTP Request: GET https://degen.virtuals.io/api/pot-agents "HTTP/1.1 200 "
2026-05-02 15:59:52 | INFO    | httpx._client | HTTP Request: POST https://api.hyperliquid.xyz/info "HTTP/1.1 200 OK"
2026-05-02 15:59:52 | INFO    | httpx._client | HTTP Request: POST https://api.hyperliquid.xyz/info "HTTP/1.1 200 OK"
2026-05-02 15:59:52 | INFO    | httpx._client | HTTP Request: POST https://api.hyperliquid.xyz/info "HTTP/1.1 200 OK"
2026-05-02 15:59:52 | INFO    | httpx._client | HTTP Request: POST https://api.hyperliquid.xyz/info "HTTP/1.1 200 OK"
2026-05-02 15:59:52 | INFO    | httpx._client | HTTP Request: POST https://api.hyperliquid.xyz/info "HTTP/1.1 200 OK"
2026-05-02 15:59:52 | INFO    | httpx._client | HTTP Request: POST https://api.hyperliquid.xyz/info "HTTP/1.1 200 OK"
2026-05-02 15:59:52 | INFO    | httpx._client | HTTP Request: POST https://api.hyperliquid.xyz/info "HTTP/1.1 200 OK"
2026-05-02 15:59:52 | INFO    | httpx._client | HTTP Request: POST https://api.hyperliquid.xyz/info "HTTP/1.1 200 OK"
2026-05-02 15:59:52 | INFO    | httpx._client | HTTP Request: POST https://api.hyperliquid.xyz/info "HTTP/1.1 200 OK"
2026-05-02 15:59:53 | INFO    | httpx._client | HTTP Request: POST https://api.hyperliquid.xyz/info "HTTP/1.1 200 OK"
2026-05-02 15:59:57 | INFO    | httpx._client | HTTP Request: POST https://api.hyperliquid.xyz/info "HTTP/1.1 200 OK"
2026-05-02 16:00:01 | INFO    | httpx._client | HTTP Request: GET https://degen.virtuals.io/api/council?seasonId=53 "HTTP/1.1 404 "
2026-05-02 16:00:01 | WARNING | collectors.degenclaw_collector | fetch council (seasonId=53) failed: Client error '404 ' for url 'https://degen.virtuals.io/api/council?seasonId=53'
For more information check: https://developer.mozilla.org/en-US/docs/Web/HTTP/Status/404
2026-05-02 16:00:09 | INFO    | httpx._client | HTTP Request: GET https://degen.virtuals.io/api/council/seasons "HTTP/1.1 200 "
2026-05-02 16:00:13 | INFO    | httpx._client | HTTP Request: GET https://degen.virtuals.io/api/council?seasonId=52 "HTTP/1.1 200 "
2026-05-02 16:00:21 | INFO    | scoring.engine | 评分完成: 86 个 Agent
2026-05-02 16:00:22 | INFO    | scheduler.scheduler | 评分完成: 86 个 Agent
2026-05-02 16:00:22 | INFO    | apscheduler.executors.base | Job "PollingController.scheduled_scan (trigger: interval[0:05:00], next run at: 2026-05-02 08:04:10 UTC)" executed successfully
2026-05-02 16:04:10 | INFO    | apscheduler.executors.base | Running job "PollingController.scheduled_scan (trigger: interval[0:05:00], next run at: 2026-05-02 08:09:10 UTC)" (scheduled at 2026-05-02 08:04:10.635601+00:00)
2026-05-02 16:04:13 | WARNING | apscheduler.executors.base | Run time of job "PollingController.scheduled_signal_gen (trigger: interval[0:15:00], next run at: 2026-05-02 08:19:10 UTC)" was missed by 0:00:02.675107
2026-05-02 16:04:13 | INFO    | httpx._client | HTTP Request: GET https://degen.virtuals.io/api/leaderboard?limit=50&offset=100 "HTTP/1.1 200 "
2026-05-02 16:04:14 | INFO    | httpx._client | HTTP Request: GET https://degen.virtuals.io/api/leaderboard?limit=50&offset=250 "HTTP/1.1 200 "
2026-05-02 16:04:14 | INFO    | httpx._client | HTTP Request: GET https://degen.virtuals.io/api/leaderboard?limit=50&offset=300 "HTTP/1.1 200 "
2026-05-02 16:04:14 | INFO    | httpx._client | HTTP Request: GET https://degen.virtuals.io/api/leaderboard?limit=50&offset=50 "HTTP/1.1 200 "
2026-05-02 16:04:14 | INFO    | httpx._client | HTTP Request: GET https://degen.virtuals.io/api/leaderboard?limit=50&offset=0 "HTTP/1.1 200 "
2026-05-02 16:04:14 | INFO    | httpx._client | HTTP Request: GET https://degen.virtuals.io/api/leaderboard?limit=50&offset=200 "HTTP/1.1 200 "
2026-05-02 16:04:14 | INFO    | httpx._client | HTTP Request: GET https://degen.virtuals.io/api/leaderboard?limit=50&offset=150 "HTTP/1.1 200 "
2026-05-02 16:04:22 | INFO    | httpx._client | HTTP Request: GET https://degen.virtuals.io/api/seasons "HTTP/1.1 200 "
2026-05-02 16:04:22 | INFO    | collectors.season_manager | 当前赛季: Season 5 (2026-04-28 ~ 2026-05-05)
2026-05-02 16:04:22 | INFO    | scheduler.scheduler | 赛季过滤: 移除 246 个非当季 Agent (剩 87)，排名已重分配
2026-05-02 16:04:26 | INFO    | httpx._client | HTTP Request: GET https://degen.virtuals.io/api/pot-agents "HTTP/1.1 200 "
2026-05-02 16:04:53 | INFO    | httpx._client | HTTP Request: POST https://api.hyperliquid.xyz/info "HTTP/1.1 200 OK"
2026-05-02 16:04:54 | INFO    | httpx._client | HTTP Request: POST https://api.hyperliquid.xyz/info "HTTP/1.1 200 OK"
2026-05-02 16:04:54 | INFO    | httpx._client | HTTP Request: POST https://api.hyperliquid.xyz/info "HTTP/1.1 200 OK"
2026-05-02 16:04:54 | INFO    | httpx._client | HTTP Request: POST https://api.hyperliquid.xyz/info "HTTP/1.1 200 OK"
2026-05-02 16:04:54 | INFO    | httpx._client | HTTP Request: POST https://api.hyperliquid.xyz/info "HTTP/1.1 200 OK"
2026-05-02 16:04:54 | INFO    | httpx._client | HTTP Request: POST https://api.hyperliquid.xyz/info "HTTP/1.1 200 OK"
2026-05-02 16:04:54 | INFO    | httpx._client | HTTP Request: POST https://api.hyperliquid.xyz/info "HTTP/1.1 200 OK"
2026-05-02 16:04:54 | INFO    | httpx._client | HTTP Request: POST https://api.hyperliquid.xyz/info "HTTP/1.1 200 OK"
2026-05-02 16:04:54 | INFO    | httpx._client | HTTP Request: POST https://api.hyperliquid.xyz/info "HTTP/1.1 200 OK"
2026-05-02 16:04:55 | INFO    | httpx._client | HTTP Request: POST https://api.hyperliquid.xyz/info "HTTP/1.1 200 OK"
2026-05-02 16:04:59 | INFO    | httpx._client | HTTP Request: POST https://api.hyperliquid.xyz/info "HTTP/1.1 200 OK"
2026-05-02 16:05:02 | INFO    | httpx._client | HTTP Request: GET https://degen.virtuals.io/api/council?seasonId=53 "HTTP/1.1 404 "
2026-05-02 16:05:02 | WARNING | collectors.degenclaw_collector | fetch council (seasonId=53) failed: Client error '404 ' for url 'https://degen.virtuals.io/api/council?seasonId=53'
For more information check: https://developer.mozilla.org/en-US/docs/Web/HTTP/Status/404
2026-05-02 16:05:05 | INFO    | httpx._client | HTTP Request: GET https://degen.virtuals.io/api/council/seasons "HTTP/1.1 200 "
2026-05-02 16:05:09 | INFO    | httpx._client | HTTP Request: GET https://degen.virtuals.io/api/council?seasonId=52 "HTTP/1.1 200 "
2026-05-02 16:05:16 | INFO    | scoring.engine | 评分完成: 87 个 Agent
2026-05-02 16:05:17 | INFO    | scheduler.scheduler | 评分完成: 87 个 Agent
2026-05-02 16:05:17 | INFO    | apscheduler.executors.base | Job "PollingController.scheduled_scan (trigger: interval[0:05:00], next run at: 2026-05-02 08:09:10 UTC)" executed successfully
2026-05-02 16:09:10 | INFO    | apscheduler.executors.base | Running job "PollingController.scheduled_scan (trigger: interval[0:05:00], next run at: 2026-05-02 08:14:10 UTC)" (scheduled at 2026-05-02 08:09:10.635601+00:00)
2026-05-02 16:09:13 | INFO    | httpx._client | HTTP Request: GET https://degen.virtuals.io/api/leaderboard?limit=50&offset=50 "HTTP/1.1 200 "
2026-05-02 16:09:13 | INFO    | httpx._client | HTTP Request: GET https://degen.virtuals.io/api/leaderboard?limit=50&offset=250 "HTTP/1.1 200 "
2026-05-02 16:09:14 | INFO    | httpx._client | HTTP Request: GET https://degen.virtuals.io/api/leaderboard?limit=50&offset=0 "HTTP/1.1 200 "
2026-05-02 16:09:15 | INFO    | httpx._client | HTTP Request: GET https://degen.virtuals.io/api/leaderboard?limit=50&offset=100 "HTTP/1.1 200 "
2026-05-02 16:09:15 | INFO    | httpx._client | HTTP Request: GET https://degen.virtuals.io/api/leaderboard?limit=50&offset=300 "HTTP/1.1 200 "
2026-05-02 16:09:15 | INFO    | httpx._client | HTTP Request: GET https://degen.virtuals.io/api/leaderboard?limit=50&offset=200 "HTTP/1.1 200 "
2026-05-02 16:09:15 | INFO    | httpx._client | HTTP Request: GET https://degen.virtuals.io/api/leaderboard?limit=50&offset=150 "HTTP/1.1 200 "
2026-05-02 16:09:19 | INFO    | httpx._client | HTTP Request: GET https://degen.virtuals.io/api/seasons "HTTP/1.1 200 "
2026-05-02 16:09:19 | INFO    | collectors.season_manager | 当前赛季: Season 5 (2026-04-28 ~ 2026-05-05)
2026-05-02 16:09:19 | INFO    | scheduler.scheduler | 赛季过滤: 移除 246 个非当季 Agent (剩 87)，排名已重分配
2026-05-02 16:09:23 | INFO    | httpx._client | HTTP Request: GET https://degen.virtuals.io/api/pot-agents "HTTP/1.1 200 "
2026-05-02 16:09:55 | INFO    | httpx._client | HTTP Request: POST https://api.hyperliquid.xyz/info "HTTP/1.1 200 OK"
2026-05-02 16:09:55 | INFO    | httpx._client | HTTP Request: POST https://api.hyperliquid.xyz/info "HTTP/1.1 200 OK"
2026-05-02 16:09:55 | INFO    | httpx._client | HTTP Request: POST https://api.hyperliquid.xyz/info "HTTP/1.1 200 OK"
2026-05-02 16:09:55 | INFO    | httpx._client | HTTP Request: POST https://api.hyperliquid.xyz/info "HTTP/1.1 200 OK"
2026-05-02 16:09:55 | INFO    | httpx._client | HTTP Request: POST https://api.hyperliquid.xyz/info "HTTP/1.1 200 OK"
2026-05-02 16:09:56 | INFO    | httpx._client | HTTP Request: POST https://api.hyperliquid.xyz/info "HTTP/1.1 200 OK"
2026-05-02 16:09:56 | INFO    | httpx._client | HTTP Request: POST https://api.hyperliquid.xyz/info "HTTP/1.1 200 OK"
2026-05-02 16:09:56 | INFO    | httpx._client | HTTP Request: POST https://api.hyperliquid.xyz/info "HTTP/1.1 200 OK"
2026-05-02 16:09:56 | INFO    | httpx._client | HTTP Request: POST https://api.hyperliquid.xyz/info "HTTP/1.1 200 OK"
2026-05-02 16:09:58 | INFO    | httpx._client | HTTP Request: POST https://api.hyperliquid.xyz/info "HTTP/1.1 200 OK"
2026-05-02 16:10:01 | INFO    | httpx._client | HTTP Request: POST https://api.hyperliquid.xyz/info "HTTP/1.1 200 OK"
2026-05-02 16:10:03 | INFO    | httpx._client | HTTP Request: GET https://degen.virtuals.io/api/council?seasonId=53 "HTTP/1.1 404 "
2026-05-02 16:10:03 | WARNING | collectors.degenclaw_collector | fetch council (seasonId=53) failed: Client error '404 ' for url 'https://degen.virtuals.io/api/council?seasonId=53'
For more information check: https://developer.mozilla.org/en-US/docs/Web/HTTP/Status/404
2026-05-02 16:10:06 | INFO    | httpx._client | HTTP Request: GET https://degen.virtuals.io/api/council/seasons "HTTP/1.1 200 "
2026-05-02 16:10:09 | INFO    | httpx._client | HTTP Request: GET https://degen.virtuals.io/api/council?seasonId=52 "HTTP/1.1 200 "
2026-05-02 16:10:18 | INFO    | scoring.engine | 评分完成: 87 个 Agent
2026-05-02 16:10:18 | INFO    | scheduler.scheduler | 评分完成: 87 个 Agent
2026-05-02 16:10:18 | INFO    | apscheduler.executors.base | Job "PollingController.scheduled_scan (trigger: interval[0:05:00], next run at: 2026-05-02 08:14:10 UTC)" executed successfully
2026-05-02 16:14:10 | INFO    | apscheduler.executors.base | Running job "PollingController.scheduled_outcome_check (trigger: interval[0:15:00], next run at: 2026-05-02 08:29:10 UTC)" (scheduled at 2026-05-02 08:14:10.635601+00:00)
2026-05-02 16:14:10 | INFO    | scheduler.scheduler | Outcome check: checked=0 correct=0 wrong=0 skipped=0
2026-05-02 16:14:10 | INFO    | apscheduler.executors.base | Job "PollingController.scheduled_outcome_check (trigger: interval[0:15:00], next run at: 2026-05-02 08:29:10 UTC)" executed successfully
2026-05-02 16:14:10 | INFO    | apscheduler.executors.base | Running job "PollingController.scheduled_scan (trigger: interval[0:05:00], next run at: 2026-05-02 08:19:10 UTC)" (scheduled at 2026-05-02 08:14:10.635601+00:00)
2026-05-02 16:14:18 | INFO    | httpx._client | HTTP Request: GET https://degen.virtuals.io/api/leaderboard?limit=50&offset=100 "HTTP/1.1 200 "
2026-05-02 16:14:18 | INFO    | httpx._client | HTTP Request: GET https://degen.virtuals.io/api/leaderboard?limit=50&offset=200 "HTTP/1.1 200 "
2026-05-02 16:14:19 | INFO    | httpx._client | HTTP Request: GET https://degen.virtuals.io/api/leaderboard?limit=50&offset=250 "HTTP/1.1 200 "
2026-05-02 16:14:19 | INFO    | httpx._client | HTTP Request: GET https://degen.virtuals.io/api/leaderboard?limit=50&offset=50 "HTTP/1.1 200 "
2026-05-02 16:14:19 | INFO    | httpx._client | HTTP Request: GET https://degen.virtuals.io/api/leaderboard?limit=50&offset=150 "HTTP/1.1 200 "
2026-05-02 16:14:19 | INFO    | httpx._client | HTTP Request: GET https://degen.virtuals.io/api/leaderboard?limit=50&offset=0 "HTTP/1.1 200 "
2026-05-02 16:14:19 | INFO    | httpx._client | HTTP Request: GET https://degen.virtuals.io/api/leaderboard?limit=50&offset=300 "HTTP/1.1 200 "
2026-05-02 16:14:23 | INFO    | httpx._client | HTTP Request: GET https://degen.virtuals.io/api/seasons "HTTP/1.1 200 "
2026-05-02 16:14:23 | INFO    | collectors.season_manager | 当前赛季: Season 5 (2026-04-28 ~ 2026-05-05)
2026-05-02 16:14:23 | INFO    | scheduler.scheduler | 赛季过滤: 移除 246 个非当季 Agent (剩 87)，排名已重分配
2026-05-02 16:14:26 | INFO    | httpx._client | HTTP Request: GET https://degen.virtuals.io/api/pot-agents "HTTP/1.1 200 "
2026-05-02 16:14:53 | INFO    | httpx._client | HTTP Request: POST https://api.hyperliquid.xyz/info "HTTP/1.1 200 OK"
2026-05-02 16:14:53 | INFO    | httpx._client | HTTP Request: POST https://api.hyperliquid.xyz/info "HTTP/1.1 200 OK"
2026-05-02 16:14:53 | INFO    | httpx._client | HTTP Request: POST https://api.hyperliquid.xyz/info "HTTP/1.1 200 OK"
2026-05-02 16:14:53 | INFO    | httpx._client | HTTP Request: POST https://api.hyperliquid.xyz/info "HTTP/1.1 200 OK"
2026-05-02 16:14:53 | INFO    | httpx._client | HTTP Request: POST https://api.hyperliquid.xyz/info "HTTP/1.1 200 OK"
2026-05-02 16:14:53 | INFO    | httpx._client | HTTP Request: POST https://api.hyperliquid.xyz/info "HTTP/1.1 200 OK"
2026-05-02 16:14:54 | INFO    | httpx._client | HTTP Request: POST https://api.hyperliquid.xyz/info "HTTP/1.1 200 OK"
2026-05-02 16:14:54 | INFO    | httpx._client | HTTP Request: POST https://api.hyperliquid.xyz/info "HTTP/1.1 200 OK"
2026-05-02 16:14:54 | INFO    | httpx._client | HTTP Request: POST https://api.hyperliquid.xyz/info "HTTP/1.1 200 OK"
2026-05-02 16:15:02 | INFO    | httpx._client | HTTP Request: POST https://api.hyperliquid.xyz/info "HTTP/1.1 200 OK"
2026-05-02 16:15:05 | INFO    | httpx._client | HTTP Request: POST https://api.hyperliquid.xyz/info "HTTP/1.1 200 OK"
2026-05-02 16:15:08 | INFO    | httpx._client | HTTP Request: GET https://degen.virtuals.io/api/council?seasonId=53 "HTTP/1.1 404 "
2026-05-02 16:15:08 | WARNING | collectors.degenclaw_collector | fetch council (seasonId=53) failed: Client error '404 ' for url 'https://degen.virtuals.io/api/council?seasonId=53'
For more information check: https://developer.mozilla.org/en-US/docs/Web/HTTP/Status/404
2026-05-02 16:15:11 | INFO    | httpx._client | HTTP Request: GET https://degen.virtuals.io/api/council/seasons "HTTP/1.1 200 "
2026-05-02 16:15:15 | INFO    | httpx._client | HTTP Request: GET https://degen.virtuals.io/api/council?seasonId=52 "HTTP/1.1 200 "
2026-05-02 16:15:24 | INFO    | scoring.engine | 评分完成: 87 个 Agent
2026-05-02 16:15:24 | INFO    | scheduler.scheduler | 评分完成: 87 个 Agent
2026-05-02 16:15:24 | INFO    | apscheduler.executors.base | Job "PollingController.scheduled_scan (trigger: interval[0:05:00], next run at: 2026-05-02 08:19:10 UTC)" executed successfully
2026-05-02 16:19:10 | INFO    | apscheduler.executors.base | Running job "PollingController.scheduled_scan (trigger: interval[0:05:00], next run at: 2026-05-02 08:24:10 UTC)" (scheduled at 2026-05-02 08:19:10.635601+00:00)
2026-05-02 16:19:13 | WARNING | apscheduler.executors.base | Run time of job "PollingController.scheduled_signal_gen (trigger: interval[0:15:00], next run at: 2026-05-02 08:34:10 UTC)" was missed by 0:00:02.535814
2026-05-02 16:19:13 | INFO    | httpx._client | HTTP Request: GET https://degen.virtuals.io/api/leaderboard?limit=50&offset=100 "HTTP/1.1 200 "
2026-05-02 16:19:13 | INFO    | httpx._client | HTTP Request: GET https://degen.virtuals.io/api/leaderboard?limit=50&offset=250 "HTTP/1.1 200 "
2026-05-02 16:19:13 | INFO    | httpx._client | HTTP Request: GET https://degen.virtuals.io/api/leaderboard?limit=50&offset=300 "HTTP/1.1 200 "
2026-05-02 16:19:13 | INFO    | httpx._client | HTTP Request: GET https://degen.virtuals.io/api/leaderboard?limit=50&offset=50 "HTTP/1.1 200 "
2026-05-02 16:19:14 | INFO    | httpx._client | HTTP Request: GET https://degen.virtuals.io/api/leaderboard?limit=50&offset=200 "HTTP/1.1 200 "
2026-05-02 16:19:14 | INFO    | httpx._client | HTTP Request: GET https://degen.virtuals.io/api/leaderboard?limit=50&offset=0 "HTTP/1.1 200 "
2026-05-02 16:19:31 | INFO    | httpx._client | HTTP Request: GET https://degen.virtuals.io/api/seasons "HTTP/1.1 200 "
2026-05-02 16:19:31 | INFO    | collectors.season_manager | 当前赛季: Season 5 (2026-04-28 ~ 2026-05-05)
2026-05-02 16:19:31 | INFO    | scheduler.scheduler | 赛季过滤: 移除 212 个非当季 Agent (剩 71)，排名已重分配
2026-05-02 16:19:34 | INFO    | httpx._client | HTTP Request: GET https://degen.virtuals.io/api/pot-agents "HTTP/1.1 200 "
2026-05-02 16:20:00 | INFO    | httpx._client | HTTP Request: POST https://api.hyperliquid.xyz/info "HTTP/1.1 200 OK"
2026-05-02 16:20:00 | INFO    | httpx._client | HTTP Request: POST https://api.hyperliquid.xyz/info "HTTP/1.1 200 OK"
2026-05-02 16:20:00 | INFO    | httpx._client | HTTP Request: POST https://api.hyperliquid.xyz/info "HTTP/1.1 200 OK"
2026-05-02 16:20:00 | INFO    | httpx._client | HTTP Request: POST https://api.hyperliquid.xyz/info "HTTP/1.1 200 OK"
2026-05-02 16:20:00 | INFO    | httpx._client | HTTP Request: POST https://api.hyperliquid.xyz/info "HTTP/1.1 200 OK"
2026-05-02 16:20:00 | INFO    | httpx._client | HTTP Request: POST https://api.hyperliquid.xyz/info "HTTP/1.1 200 OK"
2026-05-02 16:20:01 | INFO    | httpx._client | HTTP Request: POST https://api.hyperliquid.xyz/info "HTTP/1.1 200 OK"
2026-05-02 16:20:01 | INFO    | httpx._client | HTTP Request: POST https://api.hyperliquid.xyz/info "HTTP/1.1 200 OK"
2026-05-02 16:20:03 | INFO    | httpx._client | HTTP Request: POST https://api.hyperliquid.xyz/info "HTTP/1.1 200 OK"
2026-05-02 16:20:19 | INFO    | httpx._client | HTTP Request: POST https://api.hyperliquid.xyz/info "HTTP/1.1 200 OK"
2026-05-02 16:20:22 | INFO    | httpx._client | HTTP Request: GET https://degen.virtuals.io/api/council?seasonId=53 "HTTP/1.1 404 "
2026-05-02 16:20:22 | WARNING | collectors.degenclaw_collector | fetch council (seasonId=53) failed: Client error '404 ' for url 'https://degen.virtuals.io/api/council?seasonId=53'
For more information check: https://developer.mozilla.org/en-US/docs/Web/HTTP/Status/404
2026-05-02 16:20:25 | INFO    | httpx._client | HTTP Request: GET https://degen.virtuals.io/api/council/seasons "HTTP/1.1 200 "
2026-05-02 16:20:29 | INFO    | httpx._client | HTTP Request: GET https://degen.virtuals.io/api/council?seasonId=52 "HTTP/1.1 200 "
2026-05-02 16:20:37 | INFO    | scoring.engine | 评分完成: 87 个 Agent
2026-05-02 16:20:38 | INFO    | scheduler.scheduler | 评分完成: 87 个 Agent
2026-05-02 16:20:38 | INFO    | apscheduler.executors.base | Job "PollingController.scheduled_scan (trigger: interval[0:05:00], next run at: 2026-05-02 08:24:10 UTC)" executed successfully
2026-05-02 16:24:10 | INFO    | apscheduler.executors.base | Running job "PollingController.scheduled_scan (trigger: interval[0:05:00], next run at: 2026-05-02 08:29:10 UTC)" (scheduled at 2026-05-02 08:24:10.635601+00:00)
2026-05-02 16:24:13 | INFO    | httpx._client | HTTP Request: GET https://degen.virtuals.io/api/leaderboard?limit=50&offset=300 "HTTP/1.1 200 "
2026-05-02 16:24:14 | INFO    | httpx._client | HTTP Request: GET https://degen.virtuals.io/api/leaderboard?limit=50&offset=250 "HTTP/1.1 200 "
2026-05-02 16:24:14 | INFO    | httpx._client | HTTP Request: GET https://degen.virtuals.io/api/leaderboard?limit=50&offset=0 "HTTP/1.1 200 "
2026-05-02 16:24:14 | INFO    | httpx._client | HTTP Request: GET https://degen.virtuals.io/api/leaderboard?limit=50&offset=100 "HTTP/1.1 200 "
2026-05-02 16:24:14 | INFO    | httpx._client | HTTP Request: GET https://degen.virtuals.io/api/leaderboard?limit=50&offset=200 "HTTP/1.1 200 "
2026-05-02 16:24:15 | INFO    | httpx._client | HTTP Request: GET https://degen.virtuals.io/api/leaderboard?limit=50&offset=50 "HTTP/1.1 200 "
2026-05-02 16:24:15 | INFO    | httpx._client | HTTP Request: GET https://degen.virtuals.io/api/leaderboard?limit=50&offset=150 "HTTP/1.1 200 "
2026-05-02 16:24:22 | INFO    | httpx._client | HTTP Request: GET https://degen.virtuals.io/api/seasons "HTTP/1.1 200 "
2026-05-02 16:24:22 | INFO    | collectors.season_manager | 当前赛季: Season 5 (2026-04-28 ~ 2026-05-05)
2026-05-02 16:24:22 | INFO    | scheduler.scheduler | 赛季过滤: 移除 246 个非当季 Agent (剩 87)，排名已重分配
2026-05-02 16:24:27 | INFO    | httpx._client | HTTP Request: GET https://degen.virtuals.io/api/pot-agents "HTTP/1.1 200 "
2026-05-02 16:24:52 | INFO    | httpx._client | HTTP Request: POST https://api.hyperliquid.xyz/info "HTTP/1.1 200 OK"
2026-05-02 16:24:52 | INFO    | httpx._client | HTTP Request: POST https://api.hyperliquid.xyz/info "HTTP/1.1 200 OK"
2026-05-02 16:24:52 | INFO    | httpx._client | HTTP Request: POST https://api.hyperliquid.xyz/info "HTTP/1.1 200 OK"
2026-05-02 16:24:53 | INFO    | httpx._client | HTTP Request: POST https://api.hyperliquid.xyz/info "HTTP/1.1 200 OK"
2026-05-02 16:24:53 | INFO    | httpx._client | HTTP Request: POST https://api.hyperliquid.xyz/info "HTTP/1.1 200 OK"
2026-05-02 16:24:53 | INFO    | httpx._client | HTTP Request: POST https://api.hyperliquid.xyz/info "HTTP/1.1 200 OK"
2026-05-02 16:24:53 | INFO    | httpx._client | HTTP Request: POST https://api.hyperliquid.xyz/info "HTTP/1.1 200 OK"
2026-05-02 16:24:53 | INFO    | httpx._client | HTTP Request: POST https://api.hyperliquid.xyz/info "HTTP/1.1 200 OK"
2026-05-02 16:24:53 | INFO    | httpx._client | HTTP Request: POST https://api.hyperliquid.xyz/info "HTTP/1.1 200 OK"
2026-05-02 16:24:54 | INFO    | httpx._client | HTTP Request: POST https://api.hyperliquid.xyz/info "HTTP/1.1 200 OK"
2026-05-02 16:24:56 | INFO    | httpx._client | HTTP Request: POST https://api.hyperliquid.xyz/info "HTTP/1.1 200 OK"
2026-05-02 16:25:02 | INFO    | httpx._client | HTTP Request: GET https://degen.virtuals.io/api/council?seasonId=53 "HTTP/1.1 404 "
2026-05-02 16:25:02 | WARNING | collectors.degenclaw_collector | fetch council (seasonId=53) failed: Client error '404 ' for url 'https://degen.virtuals.io/api/council?seasonId=53'
For more information check: https://developer.mozilla.org/en-US/docs/Web/HTTP/Status/404
2026-05-02 16:25:05 | INFO    | httpx._client | HTTP Request: GET https://degen.virtuals.io/api/council/seasons "HTTP/1.1 200 "
2026-05-02 16:25:08 | INFO    | httpx._client | HTTP Request: GET https://degen.virtuals.io/api/council?seasonId=52 "HTTP/1.1 200 "
2026-05-02 16:25:16 | INFO    | scoring.engine | 评分完成: 87 个 Agent
2026-05-02 16:25:16 | INFO    | scheduler.scheduler | 评分完成: 87 个 Agent
2026-05-02 16:25:16 | INFO    | apscheduler.executors.base | Job "PollingController.scheduled_scan (trigger: interval[0:05:00], next run at: 2026-05-02 08:29:10 UTC)" executed successfully
2026-05-02 16:29:10 | INFO    | apscheduler.executors.base | Running job "PollingController.scheduled_outcome_check (trigger: interval[0:15:00], next run at: 2026-05-02 08:44:10 UTC)" (scheduled at 2026-05-02 08:29:10.635601+00:00)
2026-05-02 16:29:10 | INFO    | scheduler.scheduler | Outcome check: checked=0 correct=0 wrong=0 skipped=0
2026-05-02 16:29:10 | INFO    | apscheduler.executors.base | Job "PollingController.scheduled_outcome_check (trigger: interval[0:15:00], next run at: 2026-05-02 08:44:10 UTC)" executed successfully
2026-05-02 16:29:10 | INFO    | apscheduler.executors.base | Running job "PollingController.scheduled_scan (trigger: interval[0:05:00], next run at: 2026-05-02 08:34:10 UTC)" (scheduled at 2026-05-02 08:29:10.635601+00:00)
2026-05-02 16:29:13 | INFO    | httpx._client | HTTP Request: GET https://degen.virtuals.io/api/leaderboard?limit=50&offset=300 "HTTP/1.1 200 "
2026-05-02 16:29:14 | INFO    | httpx._client | HTTP Request: GET https://degen.virtuals.io/api/leaderboard?limit=50&offset=100 "HTTP/1.1 200 "
2026-05-02 16:29:14 | INFO    | httpx._client | HTTP Request: GET https://degen.virtuals.io/api/leaderboard?limit=50&offset=200 "HTTP/1.1 200 "
2026-05-02 16:29:15 | INFO    | httpx._client | HTTP Request: GET https://degen.virtuals.io/api/leaderboard?limit=50&offset=250 "HTTP/1.1 200 "
2026-05-02 16:29:15 | INFO    | httpx._client | HTTP Request: GET https://degen.virtuals.io/api/leaderboard?limit=50&offset=50 "HTTP/1.1 200 "
2026-05-02 16:29:16 | INFO    | httpx._client | HTTP Request: GET https://degen.virtuals.io/api/leaderboard?limit=50&offset=0 "HTTP/1.1 200 "
2026-05-02 16:29:16 | INFO    | httpx._client | HTTP Request: GET https://degen.virtuals.io/api/leaderboard?limit=50&offset=150 "HTTP/1.1 200 "
2026-05-02 16:29:21 | INFO    | httpx._client | HTTP Request: GET https://degen.virtuals.io/api/seasons "HTTP/1.1 200 "
2026-05-02 16:29:21 | INFO    | collectors.season_manager | 当前赛季: Season 5 (2026-04-28 ~ 2026-05-05)
2026-05-02 16:29:21 | INFO    | scheduler.scheduler | 赛季过滤: 移除 246 个非当季 Agent (剩 87)，排名已重分配
2026-05-02 16:29:24 | INFO    | httpx._client | HTTP Request: GET https://degen.virtuals.io/api/pot-agents "HTTP/1.1 200 "
2026-05-02 16:29:52 | INFO    | httpx._client | HTTP Request: POST https://api.hyperliquid.xyz/info "HTTP/1.1 200 OK"
2026-05-02 16:29:52 | INFO    | httpx._client | HTTP Request: POST https://api.hyperliquid.xyz/info "HTTP/1.1 200 OK"
2026-05-02 16:29:52 | INFO    | httpx._client | HTTP Request: POST https://api.hyperliquid.xyz/info "HTTP/1.1 200 OK"
2026-05-02 16:29:52 | INFO    | httpx._client | HTTP Request: POST https://api.hyperliquid.xyz/info "HTTP/1.1 200 OK"
2026-05-02 16:29:52 | INFO    | httpx._client | HTTP Request: POST https://api.hyperliquid.xyz/info "HTTP/1.1 200 OK"
2026-05-02 16:29:52 | INFO    | httpx._client | HTTP Request: POST https://api.hyperliquid.xyz/info "HTTP/1.1 200 OK"
2026-05-02 16:29:52 | INFO    | httpx._client | HTTP Request: POST https://api.hyperliquid.xyz/info "HTTP/1.1 200 OK"
2026-05-02 16:29:53 | INFO    | httpx._client | HTTP Request: POST https://api.hyperliquid.xyz/info "HTTP/1.1 200 OK"
2026-05-02 16:29:56 | INFO    | httpx._client | HTTP Request: POST https://api.hyperliquid.xyz/info "HTTP/1.1 200 OK"
2026-05-02 16:30:07 | INFO    | httpx._client | HTTP Request: POST https://api.hyperliquid.xyz/info "HTTP/1.1 200 OK"
2026-05-02 16:30:10 | INFO    | httpx._client | HTTP Request: GET https://degen.virtuals.io/api/council?seasonId=53 "HTTP/1.1 404 "
2026-05-02 16:30:11 | WARNING | collectors.degenclaw_collector | fetch council (seasonId=53) failed: Client error '404 ' for url 'https://degen.virtuals.io/api/council?seasonId=53'
For more information check: https://developer.mozilla.org/en-US/docs/Web/HTTP/Status/404
2026-05-02 16:30:14 | INFO    | httpx._client | HTTP Request: GET https://degen.virtuals.io/api/council/seasons "HTTP/1.1 200 "
2026-05-02 16:30:17 | INFO    | httpx._client | HTTP Request: GET https://degen.virtuals.io/api/council?seasonId=52 "HTTP/1.1 200 "
2026-05-02 16:30:25 | INFO    | scoring.engine | 评分完成: 87 个 Agent
2026-05-02 16:30:26 | INFO    | scheduler.scheduler | 评分完成: 87 个 Agent
2026-05-02 16:30:26 | INFO    | apscheduler.executors.base | Job "PollingController.scheduled_scan (trigger: interval[0:05:00], next run at: 2026-05-02 08:34:10 UTC)" executed successfully
2026-05-02 16:34:10 | INFO    | apscheduler.executors.base | Running job "PollingController.scheduled_scan (trigger: interval[0:05:00], next run at: 2026-05-02 08:39:10 UTC)" (scheduled at 2026-05-02 08:34:10.635601+00:00)
2026-05-02 16:34:13 | WARNING | apscheduler.executors.base | Run time of job "PollingController.scheduled_signal_gen (trigger: interval[0:15:00], next run at: 2026-05-02 08:49:10 UTC)" was missed by 0:00:02.690043
2026-05-02 16:34:13 | INFO    | httpx._client | HTTP Request: GET https://degen.virtuals.io/api/leaderboard?limit=50&offset=100 "HTTP/1.1 200 "
2026-05-02 16:34:13 | INFO    | httpx._client | HTTP Request: GET https://degen.virtuals.io/api/leaderboard?limit=50&offset=200 "HTTP/1.1 200 "
2026-05-02 16:34:13 | INFO    | httpx._client | HTTP Request: GET https://degen.virtuals.io/api/leaderboard?limit=50&offset=250 "HTTP/1.1 200 "
2026-05-02 16:34:14 | INFO    | httpx._client | HTTP Request: GET https://degen.virtuals.io/api/leaderboard?limit=50&offset=150 "HTTP/1.1 200 "
2026-05-02 16:34:14 | INFO    | httpx._client | HTTP Request: GET https://degen.virtuals.io/api/leaderboard?limit=50&offset=300 "HTTP/1.1 200 "
2026-05-02 16:34:14 | INFO    | httpx._client | HTTP Request: GET https://degen.virtuals.io/api/leaderboard?limit=50&offset=50 "HTTP/1.1 200 "
2026-05-02 16:34:14 | INFO    | httpx._client | HTTP Request: GET https://degen.virtuals.io/api/leaderboard?limit=50&offset=0 "HTTP/1.1 200 "
2026-05-02 16:34:18 | INFO    | httpx._client | HTTP Request: GET https://degen.virtuals.io/api/seasons "HTTP/1.1 200 "
2026-05-02 16:34:18 | INFO    | collectors.season_manager | 当前赛季: Season 5 (2026-04-28 ~ 2026-05-05)
2026-05-02 16:34:18 | INFO    | scheduler.scheduler | 赛季过滤: 移除 246 个非当季 Agent (剩 87)，排名已重分配
2026-05-02 16:34:22 | INFO    | httpx._client | HTTP Request: GET https://degen.virtuals.io/api/pot-agents "HTTP/1.1 200 "
2026-05-02 16:34:53 | INFO    | httpx._client | HTTP Request: POST https://api.hyperliquid.xyz/info "HTTP/1.1 200 OK"
2026-05-02 16:34:53 | INFO    | httpx._client | HTTP Request: POST https://api.hyperliquid.xyz/info "HTTP/1.1 200 OK"
2026-05-02 16:34:53 | INFO    | httpx._client | HTTP Request: POST https://api.hyperliquid.xyz/info "HTTP/1.1 200 OK"
2026-05-02 16:34:53 | INFO    | httpx._client | HTTP Request: POST https://api.hyperliquid.xyz/info "HTTP/1.1 200 OK"
2026-05-02 16:34:53 | INFO    | httpx._client | HTTP Request: POST https://api.hyperliquid.xyz/info "HTTP/1.1 200 OK"
2026-05-02 16:34:53 | INFO    | httpx._client | HTTP Request: POST https://api.hyperliquid.xyz/info "HTTP/1.1 200 OK"
2026-05-02 16:34:53 | INFO    | httpx._client | HTTP Request: POST https://api.hyperliquid.xyz/info "HTTP/1.1 200 OK"
2026-05-02 16:34:54 | INFO    | httpx._client | HTTP Request: POST https://api.hyperliquid.xyz/info "HTTP/1.1 200 OK"
2026-05-02 16:34:55 | INFO    | httpx._client | HTTP Request: POST https://api.hyperliquid.xyz/info "HTTP/1.1 200 OK"
2026-05-02 16:35:07 | INFO    | httpx._client | HTTP Request: POST https://api.hyperliquid.xyz/info "HTTP/1.1 200 OK"
2026-05-02 16:35:11 | INFO    | httpx._client | HTTP Request: GET https://degen.virtuals.io/api/council?seasonId=53 "HTTP/1.1 404 "
2026-05-02 16:35:11 | WARNING | collectors.degenclaw_collector | fetch council (seasonId=53) failed: Client error '404 ' for url 'https://degen.virtuals.io/api/council?seasonId=53'
For more information check: https://developer.mozilla.org/en-US/docs/Web/HTTP/Status/404
2026-05-02 16:35:15 | INFO    | httpx._client | HTTP Request: GET https://degen.virtuals.io/api/council/seasons "HTTP/1.1 200 "
2026-05-02 16:35:18 | INFO    | httpx._client | HTTP Request: GET https://degen.virtuals.io/api/council?seasonId=52 "HTTP/1.1 200 "
2026-05-02 16:35:26 | INFO    | scoring.engine | 评分完成: 87 个 Agent
2026-05-02 16:35:26 | INFO    | scheduler.scheduler | 评分完成: 87 个 Agent
2026-05-02 16:35:26 | INFO    | apscheduler.executors.base | Job "PollingController.scheduled_scan (trigger: interval[0:05:00], next run at: 2026-05-02 08:39:10 UTC)" executed successfully
2026-05-02 16:39:10 | INFO    | apscheduler.executors.base | Running job "PollingController.scheduled_scan (trigger: interval[0:05:00], next run at: 2026-05-02 08:44:10 UTC)" (scheduled at 2026-05-02 08:39:10.635601+00:00)
2026-05-02 16:39:13 | INFO    | httpx._client | HTTP Request: GET https://degen.virtuals.io/api/leaderboard?limit=50&offset=100 "HTTP/1.1 200 "
2026-05-02 16:39:13 | INFO    | httpx._client | HTTP Request: GET https://degen.virtuals.io/api/leaderboard?limit=50&offset=250 "HTTP/1.1 200 "
2026-05-02 16:39:13 | INFO    | httpx._client | HTTP Request: GET https://degen.virtuals.io/api/leaderboard?limit=50&offset=50 "HTTP/1.1 200 "
2026-05-02 16:39:13 | INFO    | httpx._client | HTTP Request: GET https://degen.virtuals.io/api/leaderboard?limit=50&offset=300 "HTTP/1.1 200 "
2026-05-02 16:39:14 | INFO    | httpx._client | HTTP Request: GET https://degen.virtuals.io/api/leaderboard?limit=50&offset=0 "HTTP/1.1 200 "
2026-05-02 16:39:14 | INFO    | httpx._client | HTTP Request: GET https://degen.virtuals.io/api/leaderboard?limit=50&offset=150 "HTTP/1.1 200 "
2026-05-02 16:39:14 | INFO    | httpx._client | HTTP Request: GET https://degen.virtuals.io/api/leaderboard?limit=50&offset=200 "HTTP/1.1 200 "
2026-05-02 16:39:18 | INFO    | httpx._client | HTTP Request: GET https://degen.virtuals.io/api/seasons "HTTP/1.1 200 "
2026-05-02 16:39:18 | INFO    | collectors.season_manager | 当前赛季: Season 5 (2026-04-28 ~ 2026-05-05)
2026-05-02 16:39:18 | INFO    | scheduler.scheduler | 赛季过滤: 移除 246 个非当季 Agent (剩 87)，排名已重分配
2026-05-02 16:39:21 | INFO    | httpx._client | HTTP Request: GET https://degen.virtuals.io/api/pot-agents "HTTP/1.1 200 "
2026-05-02 16:39:50 | INFO    | httpx._client | HTTP Request: POST https://api.hyperliquid.xyz/info "HTTP/1.1 200 OK"
2026-05-02 16:39:50 | INFO    | httpx._client | HTTP Request: POST https://api.hyperliquid.xyz/info "HTTP/1.1 200 OK"
2026-05-02 16:39:50 | INFO    | httpx._client | HTTP Request: POST https://api.hyperliquid.xyz/info "HTTP/1.1 200 OK"
2026-05-02 16:39:50 | INFO    | httpx._client | HTTP Request: POST https://api.hyperliquid.xyz/info "HTTP/1.1 200 OK"
2026-05-02 16:39:50 | INFO    | httpx._client | HTTP Request: POST https://api.hyperliquid.xyz/info "HTTP/1.1 200 OK"
2026-05-02 16:39:51 | INFO    | httpx._client | HTTP Request: POST https://api.hyperliquid.xyz/info "HTTP/1.1 200 OK"
2026-05-02 16:39:51 | INFO    | httpx._client | HTTP Request: POST https://api.hyperliquid.xyz/info "HTTP/1.1 200 OK"
2026-05-02 16:39:51 | INFO    | httpx._client | HTTP Request: POST https://api.hyperliquid.xyz/info "HTTP/1.1 200 OK"
2026-05-02 16:39:51 | INFO    | httpx._client | HTTP Request: POST https://api.hyperliquid.xyz/info "HTTP/1.1 200 OK"
2026-05-02 16:39:51 | INFO    | httpx._client | HTTP Request: POST https://api.hyperliquid.xyz/info "HTTP/1.1 200 OK"
2026-05-02 16:39:54 | INFO    | httpx._client | HTTP Request: POST https://api.hyperliquid.xyz/info "HTTP/1.1 200 OK"
2026-05-02 16:40:01 | INFO    | httpx._client | HTTP Request: GET https://degen.virtuals.io/api/council?seasonId=53 "HTTP/1.1 404 "
2026-05-02 16:40:01 | WARNING | collectors.degenclaw_collector | fetch council (seasonId=53) failed: Client error '404 ' for url 'https://degen.virtuals.io/api/council?seasonId=53'
For more information check: https://developer.mozilla.org/en-US/docs/Web/HTTP/Status/404
2026-05-02 16:40:04 | INFO    | httpx._client | HTTP Request: GET https://degen.virtuals.io/api/council/seasons "HTTP/1.1 200 "
2026-05-02 16:40:07 | INFO    | httpx._client | HTTP Request: GET https://degen.virtuals.io/api/council?seasonId=52 "HTTP/1.1 200 "
2026-05-02 16:40:16 | INFO    | scoring.engine | 评分完成: 87 个 Agent
2026-05-02 16:40:17 | INFO    | scheduler.scheduler | 评分完成: 87 个 Agent
2026-05-02 16:40:17 | INFO    | apscheduler.executors.base | Job "PollingController.scheduled_scan (trigger: interval[0:05:00], next run at: 2026-05-02 08:44:10 UTC)" executed successfully
2026-05-02 16:44:10 | INFO    | apscheduler.executors.base | Running job "PollingController.scheduled_outcome_check (trigger: interval[0:15:00], next run at: 2026-05-02 08:59:10 UTC)" (scheduled at 2026-05-02 08:44:10.635601+00:00)
2026-05-02 16:44:10 | INFO    | scheduler.scheduler | Outcome check: checked=0 correct=0 wrong=0 skipped=0
2026-05-02 16:44:10 | INFO    | apscheduler.executors.base | Job "PollingController.scheduled_outcome_check (trigger: interval[0:15:00], next run at: 2026-05-02 08:59:10 UTC)" executed successfully
2026-05-02 16:44:10 | INFO    | apscheduler.executors.base | Running job "PollingController.scheduled_scan (trigger: interval[0:05:00], next run at: 2026-05-02 08:49:10 UTC)" (scheduled at 2026-05-02 08:44:10.635601+00:00)
2026-05-02 16:44:14 | INFO    | httpx._client | HTTP Request: GET https://degen.virtuals.io/api/leaderboard?limit=50&offset=0 "HTTP/1.1 200 "
2026-05-02 16:44:14 | INFO    | httpx._client | HTTP Request: GET https://degen.virtuals.io/api/leaderboard?limit=50&offset=50 "HTTP/1.1 200 "
2026-05-02 16:44:14 | INFO    | httpx._client | HTTP Request: GET https://degen.virtuals.io/api/leaderboard?limit=50&offset=150 "HTTP/1.1 200 "
2026-05-02 16:44:14 | INFO    | httpx._client | HTTP Request: GET https://degen.virtuals.io/api/leaderboard?limit=50&offset=250 "HTTP/1.1 200 "
2026-05-02 16:44:15 | INFO    | httpx._client | HTTP Request: GET https://degen.virtuals.io/api/leaderboard?limit=50&offset=200 "HTTP/1.1 200 "
2026-05-02 16:44:15 | INFO    | httpx._client | HTTP Request: GET https://degen.virtuals.io/api/leaderboard?limit=50&offset=100 "HTTP/1.1 200 "
2026-05-02 16:44:15 | INFO    | httpx._client | HTTP Request: GET https://degen.virtuals.io/api/leaderboard?limit=50&offset=300 "HTTP/1.1 200 "
2026-05-02 16:44:20 | INFO    | httpx._client | HTTP Request: GET https://degen.virtuals.io/api/seasons "HTTP/1.1 200 "
2026-05-02 16:44:20 | INFO    | collectors.season_manager | 当前赛季: Season 5 (2026-04-28 ~ 2026-05-05)
2026-05-02 16:44:20 | INFO    | scheduler.scheduler | 赛季过滤: 移除 246 个非当季 Agent (剩 87)，排名已重分配
2026-05-02 16:44:23 | INFO    | httpx._client | HTTP Request: GET https://degen.virtuals.io/api/pot-agents "HTTP/1.1 200 "
2026-05-02 16:44:55 | INFO    | httpx._client | HTTP Request: POST https://api.hyperliquid.xyz/info "HTTP/1.1 200 OK"
2026-05-02 16:44:55 | INFO    | httpx._client | HTTP Request: POST https://api.hyperliquid.xyz/info "HTTP/1.1 200 OK"
2026-05-02 16:44:55 | INFO    | httpx._client | HTTP Request: POST https://api.hyperliquid.xyz/info "HTTP/1.1 200 OK"
2026-05-02 16:44:56 | INFO    | httpx._client | HTTP Request: POST https://api.hyperliquid.xyz/info "HTTP/1.1 200 OK"
2026-05-02 16:44:56 | INFO    | httpx._client | HTTP Request: POST https://api.hyperliquid.xyz/info "HTTP/1.1 200 OK"
2026-05-02 16:44:56 | INFO    | httpx._client | HTTP Request: POST https://api.hyperliquid.xyz/info "HTTP/1.1 200 OK"
2026-05-02 16:44:56 | INFO    | httpx._client | HTTP Request: POST https://api.hyperliquid.xyz/info "HTTP/1.1 200 OK"
2026-05-02 16:44:56 | INFO    | httpx._client | HTTP Request: POST https://api.hyperliquid.xyz/info "HTTP/1.1 200 OK"
2026-05-02 16:44:56 | INFO    | httpx._client | HTTP Request: POST https://api.hyperliquid.xyz/info "HTTP/1.1 200 OK"
2026-05-02 16:44:56 | INFO    | httpx._client | HTTP Request: POST https://api.hyperliquid.xyz/info "HTTP/1.1 200 OK"
2026-05-02 16:45:00 | INFO    | httpx._client | HTTP Request: POST https://api.hyperliquid.xyz/info "HTTP/1.1 200 OK"
2026-05-02 16:45:04 | INFO    | httpx._client | HTTP Request: GET https://degen.virtuals.io/api/council?seasonId=53 "HTTP/1.1 404 "
2026-05-02 16:45:04 | WARNING | collectors.degenclaw_collector | fetch council (seasonId=53) failed: Client error '404 ' for url 'https://degen.virtuals.io/api/council?seasonId=53'
For more information check: https://developer.mozilla.org/en-US/docs/Web/HTTP/Status/404
2026-05-02 16:45:09 | INFO    | httpx._client | HTTP Request: GET https://degen.virtuals.io/api/council/seasons "HTTP/1.1 200 "
2026-05-02 16:45:13 | INFO    | httpx._client | HTTP Request: GET https://degen.virtuals.io/api/council?seasonId=52 "HTTP/1.1 200 "
2026-05-02 16:45:23 | INFO    | scoring.engine | 评分完成: 87 个 Agent
2026-05-02 16:45:24 | INFO    | scheduler.scheduler | 评分完成: 87 个 Agent
2026-05-02 16:45:24 | INFO    | apscheduler.executors.base | Job "PollingController.scheduled_scan (trigger: interval[0:05:00], next run at: 2026-05-02 08:49:10 UTC)" executed successfully
2026-05-02 16:49:10 | INFO    | apscheduler.executors.base | Running job "PollingController.scheduled_scan (trigger: interval[0:05:00], next run at: 2026-05-02 08:54:10 UTC)" (scheduled at 2026-05-02 08:49:10.635601+00:00)
2026-05-02 16:49:13 | WARNING | apscheduler.executors.base | Run time of job "PollingController.scheduled_signal_gen (trigger: interval[0:15:00], next run at: 2026-05-02 09:04:10 UTC)" was missed by 0:00:02.900364
2026-05-02 16:49:14 | INFO    | httpx._client | HTTP Request: GET https://degen.virtuals.io/api/leaderboard?limit=50&offset=300 "HTTP/1.1 200 "
2026-05-02 16:49:14 | INFO    | httpx._client | HTTP Request: GET https://degen.virtuals.io/api/leaderboard?limit=50&offset=0 "HTTP/1.1 200 "
2026-05-02 16:49:14 | INFO    | httpx._client | HTTP Request: GET https://degen.virtuals.io/api/leaderboard?limit=50&offset=250 "HTTP/1.1 200 "
2026-05-02 16:49:14 | INFO    | httpx._client | HTTP Request: GET https://degen.virtuals.io/api/leaderboard?limit=50&offset=150 "HTTP/1.1 200 "
2026-05-02 16:49:15 | INFO    | httpx._client | HTTP Request: GET https://degen.virtuals.io/api/leaderboard?limit=50&offset=200 "HTTP/1.1 200 "
2026-05-02 16:49:15 | INFO    | httpx._client | HTTP Request: GET https://degen.virtuals.io/api/leaderboard?limit=50&offset=100 "HTTP/1.1 200 "
2026-05-02 16:49:16 | INFO    | httpx._client | HTTP Request: GET https://degen.virtuals.io/api/leaderboard?limit=50&offset=50 "HTTP/1.1 200 "
2026-05-02 16:49:23 | INFO    | httpx._client | HTTP Request: GET https://degen.virtuals.io/api/seasons "HTTP/1.1 200 "
2026-05-02 16:49:23 | INFO    | collectors.season_manager | 当前赛季: Season 5 (2026-04-28 ~ 2026-05-05)
2026-05-02 16:49:23 | INFO    | scheduler.scheduler | 赛季过滤: 移除 246 个非当季 Agent (剩 87)，排名已重分配
2026-05-02 16:49:28 | INFO    | httpx._client | HTTP Request: GET https://degen.virtuals.io/api/pot-agents "HTTP/1.1 200 "
2026-05-02 16:49:59 | INFO    | httpx._client | HTTP Request: POST https://api.hyperliquid.xyz/info "HTTP/1.1 200 OK"
2026-05-02 16:49:59 | INFO    | httpx._client | HTTP Request: POST https://api.hyperliquid.xyz/info "HTTP/1.1 200 OK"
2026-05-02 16:49:59 | INFO    | httpx._client | HTTP Request: POST https://api.hyperliquid.xyz/info "HTTP/1.1 200 OK"
2026-05-02 16:49:59 | INFO    | httpx._client | HTTP Request: POST https://api.hyperliquid.xyz/info "HTTP/1.1 200 OK"
2026-05-02 16:49:59 | INFO    | httpx._client | HTTP Request: POST https://api.hyperliquid.xyz/info "HTTP/1.1 200 OK"
2026-05-02 16:49:59 | INFO    | httpx._client | HTTP Request: POST https://api.hyperliquid.xyz/info "HTTP/1.1 200 OK"
2026-05-02 16:50:00 | INFO    | httpx._client | HTTP Request: POST https://api.hyperliquid.xyz/info "HTTP/1.1 200 OK"
2026-05-02 16:50:01 | INFO    | httpx._client | HTTP Request: POST https://api.hyperliquid.xyz/info "HTTP/1.1 200 OK"
2026-05-02 16:50:01 | INFO    | httpx._client | HTTP Request: POST https://api.hyperliquid.xyz/info "HTTP/1.1 200 OK"
2026-05-02 16:50:13 | INFO    | httpx._client | HTTP Request: POST https://api.hyperliquid.xyz/info "HTTP/1.1 200 OK"
2026-05-02 16:50:17 | INFO    | httpx._client | HTTP Request: GET https://degen.virtuals.io/api/council?seasonId=53 "HTTP/1.1 404 "
2026-05-02 16:50:17 | WARNING | collectors.degenclaw_collector | fetch council (seasonId=53) failed: Client error '404 ' for url 'https://degen.virtuals.io/api/council?seasonId=53'
For more information check: https://developer.mozilla.org/en-US/docs/Web/HTTP/Status/404
2026-05-02 16:50:21 | INFO    | httpx._client | HTTP Request: GET https://degen.virtuals.io/api/council/seasons "HTTP/1.1 200 "
2026-05-02 16:50:24 | INFO    | httpx._client | HTTP Request: GET https://degen.virtuals.io/api/council?seasonId=52 "HTTP/1.1 200 "
2026-05-02 16:50:33 | INFO    | scoring.engine | 评分完成: 87 个 Agent
2026-05-02 16:50:34 | INFO    | scheduler.scheduler | 评分完成: 87 个 Agent
2026-05-02 16:50:34 | INFO    | apscheduler.executors.base | Job "PollingController.scheduled_scan (trigger: interval[0:05:00], next run at: 2026-05-02 08:54:10 UTC)" executed successfully
2026-05-02 16:54:10 | INFO    | apscheduler.executors.base | Running job "PollingController.scheduled_scan (trigger: interval[0:05:00], next run at: 2026-05-02 08:59:10 UTC)" (scheduled at 2026-05-02 08:54:10.635601+00:00)
2026-05-02 16:54:14 | INFO    | httpx._client | HTTP Request: GET https://degen.virtuals.io/api/leaderboard?limit=50&offset=100 "HTTP/1.1 200 "
2026-05-02 16:54:14 | INFO    | httpx._client | HTTP Request: GET https://degen.virtuals.io/api/leaderboard?limit=50&offset=150 "HTTP/1.1 200 "
2026-05-02 16:54:14 | INFO    | httpx._client | HTTP Request: GET https://degen.virtuals.io/api/leaderboard?limit=50&offset=50 "HTTP/1.1 200 "
2026-05-02 16:54:14 | INFO    | httpx._client | HTTP Request: GET https://degen.virtuals.io/api/leaderboard?limit=50&offset=0 "HTTP/1.1 200 "
2026-05-02 16:54:15 | INFO    | httpx._client | HTTP Request: GET https://degen.virtuals.io/api/leaderboard?limit=50&offset=300 "HTTP/1.1 200 "
2026-05-02 16:54:15 | INFO    | httpx._client | HTTP Request: GET https://degen.virtuals.io/api/leaderboard?limit=50&offset=200 "HTTP/1.1 200 "
2026-05-02 16:54:15 | INFO    | httpx._client | HTTP Request: GET https://degen.virtuals.io/api/leaderboard?limit=50&offset=250 "HTTP/1.1 200 "
2026-05-02 16:54:19 | INFO    | httpx._client | HTTP Request: GET https://degen.virtuals.io/api/seasons "HTTP/1.1 200 "
2026-05-02 16:54:19 | INFO    | collectors.season_manager | 当前赛季: Season 5 (2026-04-28 ~ 2026-05-05)
2026-05-02 16:54:19 | INFO    | scheduler.scheduler | 赛季过滤: 移除 246 个非当季 Agent (剩 87)，排名已重分配
2026-05-02 16:54:23 | INFO    | httpx._client | HTTP Request: GET https://degen.virtuals.io/api/pot-agents "HTTP/1.1 200 "
2026-05-02 16:54:55 | INFO    | httpx._client | HTTP Request: POST https://api.hyperliquid.xyz/info "HTTP/1.1 200 OK"
2026-05-02 16:54:55 | INFO    | httpx._client | HTTP Request: POST https://api.hyperliquid.xyz/info "HTTP/1.1 200 OK"
2026-05-02 16:54:55 | INFO    | httpx._client | HTTP Request: POST https://api.hyperliquid.xyz/info "HTTP/1.1 200 OK"
2026-05-02 16:54:55 | INFO    | httpx._client | HTTP Request: POST https://api.hyperliquid.xyz/info "HTTP/1.1 200 OK"
2026-05-02 16:54:56 | INFO    | httpx._client | HTTP Request: POST https://api.hyperliquid.xyz/info "HTTP/1.1 200 OK"
2026-05-02 16:54:56 | INFO    | httpx._client | HTTP Request: POST https://api.hyperliquid.xyz/info "HTTP/1.1 200 OK"
2026-05-02 16:54:56 | INFO    | httpx._client | HTTP Request: POST https://api.hyperliquid.xyz/info "HTTP/1.1 200 OK"
2026-05-02 16:54:56 | INFO    | httpx._client | HTTP Request: POST https://api.hyperliquid.xyz/info "HTTP/1.1 200 OK"
2026-05-02 16:54:56 | INFO    | httpx._client | HTTP Request: POST https://api.hyperliquid.xyz/info "HTTP/1.1 200 OK"
2026-05-02 16:54:56 | INFO    | httpx._client | HTTP Request: POST https://api.hyperliquid.xyz/info "HTTP/1.1 200 OK"
2026-05-02 16:55:02 | INFO    | httpx._client | HTTP Request: POST https://api.hyperliquid.xyz/info "HTTP/1.1 200 OK"
2026-05-02 16:55:06 | INFO    | httpx._client | HTTP Request: GET https://degen.virtuals.io/api/council?seasonId=53 "HTTP/1.1 404 "
2026-05-02 16:55:06 | WARNING | collectors.degenclaw_collector | fetch council (seasonId=53) failed: Client error '404 ' for url 'https://degen.virtuals.io/api/council?seasonId=53'
For more information check: https://developer.mozilla.org/en-US/docs/Web/HTTP/Status/404
2026-05-02 16:55:09 | INFO    | httpx._client | HTTP Request: GET https://degen.virtuals.io/api/council/seasons "HTTP/1.1 200 "
2026-05-02 16:55:13 | INFO    | httpx._client | HTTP Request: GET https://degen.virtuals.io/api/council?seasonId=52 "HTTP/1.1 200 "
2026-05-02 16:55:23 | INFO    | scoring.engine | 评分完成: 87 个 Agent
2026-05-02 16:55:23 | INFO    | scheduler.scheduler | 评分完成: 87 个 Agent
2026-05-02 16:55:23 | INFO    | apscheduler.executors.base | Job "PollingController.scheduled_scan (trigger: interval[0:05:00], next run at: 2026-05-02 08:59:10 UTC)" executed successfully
2026-05-02 16:59:10 | INFO    | apscheduler.executors.base | Running job "PollingController.scheduled_outcome_check (trigger: interval[0:15:00], next run at: 2026-05-02 09:14:10 UTC)" (scheduled at 2026-05-02 08:59:10.635601+00:00)
2026-05-02 16:59:10 | INFO    | scheduler.scheduler | Outcome check: checked=0 correct=0 wrong=0 skipped=0
2026-05-02 16:59:10 | INFO    | apscheduler.executors.base | Job "PollingController.scheduled_outcome_check (trigger: interval[0:15:00], next run at: 2026-05-02 09:14:10 UTC)" executed successfully
2026-05-02 16:59:10 | INFO    | apscheduler.executors.base | Running job "PollingController.scheduled_scan (trigger: interval[0:05:00], next run at: 2026-05-02 09:04:10 UTC)" (scheduled at 2026-05-02 08:59:10.635601+00:00)
2026-05-02 16:59:14 | INFO    | httpx._client | HTTP Request: GET https://degen.virtuals.io/api/leaderboard?limit=50&offset=0 "HTTP/1.1 200 "
2026-05-02 16:59:14 | INFO    | httpx._client | HTTP Request: GET https://degen.virtuals.io/api/leaderboard?limit=50&offset=200 "HTTP/1.1 200 "
2026-05-02 16:59:14 | INFO    | httpx._client | HTTP Request: GET https://degen.virtuals.io/api/leaderboard?limit=50&offset=300 "HTTP/1.1 200 "
2026-05-02 16:59:14 | INFO    | httpx._client | HTTP Request: GET https://degen.virtuals.io/api/leaderboard?limit=50&offset=50 "HTTP/1.1 200 "
2026-05-02 16:59:15 | INFO    | httpx._client | HTTP Request: GET https://degen.virtuals.io/api/leaderboard?limit=50&offset=100 "HTTP/1.1 200 "
2026-05-02 16:59:15 | INFO    | httpx._client | HTTP Request: GET https://degen.virtuals.io/api/leaderboard?limit=50&offset=250 "HTTP/1.1 200 "
2026-05-02 16:59:15 | INFO    | httpx._client | HTTP Request: GET https://degen.virtuals.io/api/leaderboard?limit=50&offset=150 "HTTP/1.1 200 "
2026-05-02 16:59:19 | INFO    | httpx._client | HTTP Request: GET https://degen.virtuals.io/api/seasons "HTTP/1.1 200 "
2026-05-02 16:59:19 | INFO    | collectors.season_manager | 当前赛季: Season 5 (2026-04-28 ~ 2026-05-05)
2026-05-02 16:59:19 | INFO    | scheduler.scheduler | 赛季过滤: 移除 246 个非当季 Agent (剩 87)，排名已重分配
2026-05-02 16:59:23 | INFO    | httpx._client | HTTP Request: GET https://degen.virtuals.io/api/pot-agents "HTTP/1.1 200 "
2026-05-02 16:59:54 | INFO    | httpx._client | HTTP Request: POST https://api.hyperliquid.xyz/info "HTTP/1.1 200 OK"
2026-05-02 16:59:54 | INFO    | httpx._client | HTTP Request: POST https://api.hyperliquid.xyz/info "HTTP/1.1 200 OK"
2026-05-02 16:59:54 | INFO    | httpx._client | HTTP Request: POST https://api.hyperliquid.xyz/info "HTTP/1.1 200 OK"
2026-05-02 16:59:54 | INFO    | httpx._client | HTTP Request: POST https://api.hyperliquid.xyz/info "HTTP/1.1 200 OK"
2026-05-02 16:59:54 | INFO    | httpx._client | HTTP Request: POST https://api.hyperliquid.xyz/info "HTTP/1.1 200 OK"
2026-05-02 16:59:54 | INFO    | httpx._client | HTTP Request: POST https://api.hyperliquid.xyz/info "HTTP/1.1 200 OK"
2026-05-02 16:59:54 | INFO    | httpx._client | HTTP Request: POST https://api.hyperliquid.xyz/info "HTTP/1.1 200 OK"
2026-05-02 16:59:54 | INFO    | httpx._client | HTTP Request: POST https://api.hyperliquid.xyz/info "HTTP/1.1 200 OK"
2026-05-02 16:59:55 | INFO    | httpx._client | HTTP Request: POST https://api.hyperliquid.xyz/info "HTTP/1.1 200 OK"
2026-05-02 16:59:55 | INFO    | httpx._client | HTTP Request: POST https://api.hyperliquid.xyz/info "HTTP/1.1 200 OK"
2026-05-02 16:59:59 | INFO    | httpx._client | HTTP Request: POST https://api.hyperliquid.xyz/info "HTTP/1.1 200 OK"
2026-05-02 17:00:04 | INFO    | httpx._client | HTTP Request: GET https://degen.virtuals.io/api/council?seasonId=53 "HTTP/1.1 404 "
2026-05-02 17:00:04 | WARNING | collectors.degenclaw_collector | fetch council (seasonId=53) failed: Client error '404 ' for url 'https://degen.virtuals.io/api/council?seasonId=53'
For more information check: https://developer.mozilla.org/en-US/docs/Web/HTTP/Status/404
2026-05-02 17:00:08 | INFO    | httpx._client | HTTP Request: GET https://degen.virtuals.io/api/council/seasons "HTTP/1.1 200 "
2026-05-02 17:00:13 | INFO    | httpx._client | HTTP Request: GET https://degen.virtuals.io/api/council?seasonId=52 "HTTP/1.1 200 "
2026-05-02 17:00:23 | INFO    | scoring.engine | 评分完成: 87 个 Agent
2026-05-02 17:00:24 | INFO    | scheduler.scheduler | 评分完成: 87 个 Agent
2026-05-02 17:00:24 | INFO    | apscheduler.executors.base | Job "PollingController.scheduled_scan (trigger: interval[0:05:00], next run at: 2026-05-02 09:04:10 UTC)" executed successfully
2026-05-02 17:04:10 | INFO    | apscheduler.executors.base | Running job "PollingController.scheduled_scan (trigger: interval[0:05:00], next run at: 2026-05-02 09:09:10 UTC)" (scheduled at 2026-05-02 09:04:10.635601+00:00)
2026-05-02 17:04:13 | WARNING | apscheduler.executors.base | Run time of job "PollingController.scheduled_signal_gen (trigger: interval[0:15:00], next run at: 2026-05-02 09:19:10 UTC)" was missed by 0:00:03.195224
2026-05-02 17:04:14 | INFO    | httpx._client | HTTP Request: GET https://degen.virtuals.io/api/leaderboard?limit=50&offset=200 "HTTP/1.1 200 "
2026-05-02 17:04:14 | INFO    | httpx._client | HTTP Request: GET https://degen.virtuals.io/api/leaderboard?limit=50&offset=50 "HTTP/1.1 200 "
2026-05-02 17:04:14 | INFO    | httpx._client | HTTP Request: GET https://degen.virtuals.io/api/leaderboard?limit=50&offset=0 "HTTP/1.1 200 "
2026-05-02 17:04:14 | INFO    | httpx._client | HTTP Request: GET https://degen.virtuals.io/api/leaderboard?limit=50&offset=150 "HTTP/1.1 200 "
2026-05-02 17:04:14 | INFO    | httpx._client | HTTP Request: GET https://degen.virtuals.io/api/leaderboard?limit=50&offset=100 "HTTP/1.1 200 "
2026-05-02 17:04:15 | INFO    | httpx._client | HTTP Request: GET https://degen.virtuals.io/api/leaderboard?limit=50&offset=300 "HTTP/1.1 200 "
2026-05-02 17:04:15 | INFO    | httpx._client | HTTP Request: GET https://degen.virtuals.io/api/leaderboard?limit=50&offset=250 "HTTP/1.1 200 "
2026-05-02 17:04:21 | INFO    | httpx._client | HTTP Request: GET https://degen.virtuals.io/api/seasons "HTTP/1.1 200 "
2026-05-02 17:04:21 | INFO    | collectors.season_manager | 当前赛季: Season 5 (2026-04-28 ~ 2026-05-05)
2026-05-02 17:04:21 | INFO    | scheduler.scheduler | 赛季过滤: 移除 246 个非当季 Agent (剩 87)，排名已重分配
2026-05-02 17:04:25 | INFO    | httpx._client | HTTP Request: GET https://degen.virtuals.io/api/pot-agents "HTTP/1.1 200 "
2026-05-02 17:04:57 | INFO    | httpx._client | HTTP Request: POST https://api.hyperliquid.xyz/info "HTTP/1.1 200 OK"
2026-05-02 17:04:57 | INFO    | httpx._client | HTTP Request: POST https://api.hyperliquid.xyz/info "HTTP/1.1 200 OK"
2026-05-02 17:04:57 | INFO    | httpx._client | HTTP Request: POST https://api.hyperliquid.xyz/info "HTTP/1.1 200 OK"
2026-05-02 17:04:58 | INFO    | httpx._client | HTTP Request: POST https://api.hyperliquid.xyz/info "HTTP/1.1 200 OK"
2026-05-02 17:04:58 | INFO    | httpx._client | HTTP Request: POST https://api.hyperliquid.xyz/info "HTTP/1.1 200 OK"
2026-05-02 17:04:58 | INFO    | httpx._client | HTTP Request: POST https://api.hyperliquid.xyz/info "HTTP/1.1 200 OK"
2026-05-02 17:04:58 | INFO    | httpx._client | HTTP Request: POST https://api.hyperliquid.xyz/info "HTTP/1.1 200 OK"
2026-05-02 17:04:58 | INFO    | httpx._client | HTTP Request: POST https://api.hyperliquid.xyz/info "HTTP/1.1 200 OK"
2026-05-02 17:04:58 | INFO    | httpx._client | HTTP Request: POST https://api.hyperliquid.xyz/info "HTTP/1.1 200 OK"
2026-05-02 17:04:59 | INFO    | httpx._client | HTTP Request: POST https://api.hyperliquid.xyz/info "HTTP/1.1 200 OK"
